This file contains any messages produced by compilers while
running configure, to aid debugging if configure makes a mistake.

It was created by zlib configure 1.1.4, which was
generated by GNU Autoconf 2.69.  Invocation command line was

  $ /home/rcarnation/projects/linux-kernel-32bit-x86/cross-compiler/src/binutils-2.44/zlib/configure --srcdir=../../src/binutils-2.44/zlib --cache-file=./config.cache --with-gnu-as --with-gnu-ld --prefix=/home/rcarnation/opt/cross --with-sysroot --disable-nls --disable-werro --program-transform-name=s&^&i686-elf-& --disable-option-checking --disable-year2038 --build=x86_64-pc-linux-gnu --host=x86_64-pc-linux-gnu --target=i686-elf

## --------- ##
## Platform. ##
## --------- ##

hostname = DESKTOP-T5N9BCO
uname -m = x86_64
uname -r = 5.15.167.4-microsoft-standard-WSL2
uname -s = Linux
uname -v = #1 SMP Tue Nov 5 00:21:55 UTC 2024

/usr/bin/uname -p = x86_64
/bin/uname -X     = unknown

/bin/arch              = x86_64
/usr/bin/arch -k       = unknown
/usr/convex/getsysinfo = unknown
/usr/bin/hostinfo      = unknown
/bin/machine           = unknown
/usr/bin/oslevel       = unknown
/bin/universe          = unknown

PATH: /usr/local/sbin
PATH: /usr/local/bin
PATH: /usr/sbin
PATH: /usr/bin
PATH: /sbin
PATH: /bin
PATH: /usr/games
PATH: /usr/local/games
PATH: /usr/lib/wsl/lib
PATH: /mnt/c/Program Files/WindowsApps/MicrosoftCorporationII.WindowsSubsystemForLinux_2.4.11.0_x64__8wekyb3d8bbwe
PATH: /mnt/c/Program Files (x86)/Common Files/Intel/Shared Libraries/redist/intel64/compiler
PATH: /mnt/c/Program Files/Common Files/Oracle/Java/javapath
PATH: /mnt/c/Windows/system32
PATH: /mnt/c/Windows
PATH: /mnt/c/Windows/System32/Wbem
PATH: /mnt/c/Windows/System32/WindowsPowerShell/v1.0/
PATH: /mnt/c/Windows/System32/OpenSSH/
PATH: /mnt/c/Program Files/NVIDIA Corporation/NVIDIA NvDLISR
PATH: /mnt/c/Program Files/Java/pj2.jar
PATH: /mnt/c/Program Files/dotnet/
PATH: /mnt/c/Program Files/Microsoft SQL Server/120/Tools/Binn/
PATH: /mnt/c/Program Files/Java/jdk-17.0.2/bin/`
PATH: /mnt/c/Program Files (x86)/ZeroTier/One/
PATH: /mnt/c/Program Files (x86)/NVIDIA Corporation/PhysX/Common
PATH: /mnt/c/WINDOWS/system32
PATH: /mnt/c/WINDOWS
PATH: /mnt/c/WINDOWS/System32/Wbem
PATH: /mnt/c/WINDOWS/System32/WindowsPowerShell/v1.0/
PATH: /mnt/c/WINDOWS/System32/OpenSSH/
PATH: /mnt/c/xampp/php
PATH: /mnt/c/Users/carna/composer.phar
PATH: /mnt/c/xampp/php/php.exe
PATH: /mnt/c/Program Files/Git/cmd
PATH: /mnt/c/dev/flutter/bin
PATH: /mnt/c/Users/carna/AppData/Local/Programs/Python/Python39/Scripts/
PATH: /mnt/c/Users/carna/AppData/Local/Programs/Python/Python39/
PATH: /mnt/c/Users/carna/AppData/Local/Microsoft/WindowsApps
PATH: /mnt/c/Program Files/JetBrains/PyCharm Community Edition 2020.3.3/bin
PATH: /mnt/c/Program Files/JetBrains/IntelliJ IDEA Community Edition 2020.3.2/bin
PATH: /mnt/c/Users/carna/AppData/Local/Programs/MiKTeX/miktex/bin/x64/
PATH: /mnt/c/Program Files/Java/jdk-17.0.2/bin/server/
PATH: /mnt/c/Program Files/AntiMicroX/bin
PATH: /mnt/c/Users/carna/AppData/Local/Programs/Microsoft VS Code/bin
PATH: /mnt/c/dev/flutter/bin
PATH: /mnt/c/Users/carna/miniconda3/condabin
PATH: /mnt/c/Users/carna/.dotnet/tools
PATH: /snap/bin


## ----------- ##
## Core tests. ##
## ----------- ##

configure:2155: creating cache ./config.cache
configure:2309: checking build system type
configure:2323: result: x86_64-pc-linux-gnu
configure:2343: checking host system type
configure:2356: result: x86_64-pc-linux-gnu
configure:2376: checking target system type
configure:2389: result: i686-pc-elf
configure:2436: checking for a BSD-compatible install
configure:2504: result: /usr/bin/install -c
configure:2515: checking whether build environment is sane
configure:2570: result: yes
configure:2721: checking for a thread-safe mkdir -p
configure:2760: result: /usr/bin/mkdir -p
configure:2767: checking for gawk
configure:2794: result: gawk
configure:2805: checking whether make sets $(MAKE)
configure:2827: result: yes
configure:2856: checking whether make supports nested variables
configure:2873: result: yes
configure:3010: checking whether make supports nested variables
configure:3027: result: yes
configure:3040: checking whether to enable maintainer-specific portions of Makefiles
configure:3049: result: no
configure:3120: checking for x86_64-pc-linux-gnu-gcc
configure:3147: result: gcc
configure:3416: checking for C compiler version
configure:3425: gcc --version >&5
gcc (Ubuntu 13.3.0-6ubuntu2~24.04) 13.3.0
Copyright (C) 2023 Free Software Foundation, Inc.
This is free software; see the source for copying conditions.  There is NO
warranty; not even for MERCHANTABILITY or FITNESS FOR A PARTICULAR PURPOSE.

configure:3436: $? = 0
configure:3425: gcc -v >&5
Using built-in specs.
COLLECT_GCC=gcc
COLLECT_LTO_WRAPPER=/usr/libexec/gcc/x86_64-linux-gnu/13/lto-wrapper
OFFLOAD_TARGET_NAMES=nvptx-none:amdgcn-amdhsa
OFFLOAD_TARGET_DEFAULT=1
Target: x86_64-linux-gnu
Configured with: ../src/configure -v --with-pkgversion='Ubuntu 13.3.0-6ubuntu2~24.04' --with-bugurl=file:///usr/share/doc/gcc-13/README.Bugs --enable-languages=c,ada,c++,go,d,fortran,objc,obj-c++,m2 --prefix=/usr --with-gcc-major-version-only --program-suffix=-13 --program-prefix=x86_64-linux-gnu- --enable-shared --enable-linker-build-id --libexecdir=/usr/libexec --without-included-gettext --enable-threads=posix --libdir=/usr/lib --enable-nls --enable-bootstrap --enable-clocale=gnu --enable-libstdcxx-debug --enable-libstdcxx-time=yes --with-default-libstdcxx-abi=new --enable-libstdcxx-backtrace --enable-gnu-unique-object --disable-vtable-verify --enable-plugin --enable-default-pie --with-system-zlib --enable-libphobos-checking=release --with-target-system-zlib=auto --enable-objc-gc=auto --enable-multiarch --disable-werror --enable-cet --with-arch-32=i686 --with-abi=m64 --with-multilib-list=m32,m64,mx32 --enable-multilib --with-tune=generic --enable-offload-targets=nvptx-none=/build/gcc-13-fG75Ri/gcc-13-13.3.0/debian/tmp-nvptx/usr,amdgcn-amdhsa=/build/gcc-13-fG75Ri/gcc-13-13.3.0/debian/tmp-gcn/usr --enable-offload-defaulted --without-cuda-driver --enable-checking=release --build=x86_64-linux-gnu --host=x86_64-linux-gnu --target=x86_64-linux-gnu --with-build-config=bootstrap-lto-lean --enable-link-serialization=2
Thread model: posix
Supported LTO compression algorithms: zlib zstd
gcc version 13.3.0 (Ubuntu 13.3.0-6ubuntu2~24.04) 
... rest of stderr output deleted ...
configure:3436: $? = 0
configure:3425: gcc -V >&5
gcc: error: unrecognized command-line option '-V'
gcc: fatal error: no input files
compilation terminated.
configure:3436: $? = 1
configure:3425: gcc -qversion >&5
gcc: error: unrecognized command-line option '-qversion'; did you mean '--version'?
gcc: fatal error: no input files
compilation terminated.
configure:3436: $? = 1
configure:3452: gcc -o conftest -g -O2        conftest.c  >&5
configure:3455: $? = 0
configure:3484: checking whether the C compiler works
configure:3506: gcc -g -O2        conftest.c  >&5
configure:3510: $? = 0
configure:3558: result: yes
configure:3561: checking for C compiler default output file name
configure:3563: result: a.out
configure:3569: checking for suffix of executables
configure:3576: gcc -o conftest -g -O2        conftest.c  >&5
configure:3580: $? = 0
configure:3602: result: 
configure:3624: checking whether we are cross compiling
configure:3632: gcc -o conftest -g -O2        conftest.c  >&5
configure:3636: $? = 0
configure:3643: ./conftest
configure:3647: $? = 0
configure:3662: result: no
configure:3668: checking for suffix of object files
configure:3690: gcc -c -g -O2      conftest.c >&5
configure:3694: $? = 0
configure:3715: result: o
configure:3719: checking whether we are using the GNU C compiler
configure:3738: gcc -c -g -O2      conftest.c >&5
configure:3738: $? = 0
configure:3747: result: yes
configure:3756: checking whether gcc accepts -g
configure:3776: gcc -c -g  conftest.c >&5
configure:3776: $? = 0
configure:3817: result: yes
configure:3834: checking for gcc option to accept ISO C89
configure:3897: gcc  -c -g -O2      conftest.c >&5
configure:3897: $? = 0
configure:3910: result: none needed
configure:3935: checking whether gcc understands -c and -o together
configure:3957: gcc -c conftest.c -o conftest2.o
configure:3960: $? = 0
configure:3957: gcc -c conftest.c -o conftest2.o
configure:3960: $? = 0
configure:3972: result: yes
configure:4000: checking for style of include used by make
configure:4028: result: GNU
configure:4054: checking dependency style of gcc
configure:4165: result: gcc3
configure:4230: checking how to print strings
configure:4257: result: printf
configure:4278: checking for a sed that does not truncate output
configure:4342: result: /usr/bin/sed
configure:4360: checking for grep that handles long lines and -e
configure:4418: result: /usr/bin/grep
configure:4423: checking for egrep
configure:4485: result: /usr/bin/grep -E
configure:4490: checking for fgrep
configure:4552: result: /usr/bin/grep -F
configure:4587: checking for ld used by gcc
configure:4654: result: ld
configure:4661: checking if the linker (ld) is GNU ld
configure:4676: result: yes
configure:4688: checking for BSD- or MS-compatible name lister (nm)
configure:4744: result: /usr/bin/nm -B
configure:4874: checking the name lister (/usr/bin/nm -B) interface
configure:4881: gcc -c -g -O2      conftest.c >&5
configure:4884: /usr/bin/nm -B "conftest.o"
configure:4887: output
0000000000000000 B some_variable
configure:4894: result: BSD nm
configure:4897: checking whether ln -s works
configure:4901: result: yes
configure:4909: checking the maximum length of command line arguments
configure:5034: result: 1572864
configure:5051: checking whether the shell understands some XSI constructs
configure:5061: result: yes
configure:5065: checking whether the shell understands "+="
configure:5071: result: yes
configure:5106: checking for ld option to reload object files
configure:5113: result: -r
configure:5142: checking for x86_64-pc-linux-gnu-objdump
configure:5169: result: objdump
configure:5241: checking how to recognize dependent libraries
configure:5447: result: pass_all
configure:5480: checking for x86_64-pc-linux-gnu-ar
configure:5507: result: ar --plugin /usr/libexec/gcc/x86_64-linux-gnu/13/liblto_plugin.so
configure:5598: checking for x86_64-pc-linux-gnu-strip
configure:5628: result: no
configure:5638: checking for strip
configure:5654: found /usr/bin/strip
configure:5665: result: strip
configure:5697: checking for x86_64-pc-linux-gnu-ranlib
configure:5724: result: ranlib --plugin /usr/libexec/gcc/x86_64-linux-gnu/13/liblto_plugin.so
configure:5871: checking command to parse /usr/bin/nm -B output from gcc object
configure:5989: gcc -c -g -O2      conftest.c >&5
configure:5992: $? = 0
configure:5996: /usr/bin/nm -B conftest.o \| sed -n -e 's/^.*[ ]\([ABCDGIRSTW][ABCDGIRSTW]*\)[ ][ ]*\([_A-Za-z][_A-Za-z0-9]*\)$/\1 \2 \2/p' \> conftest.nm
configure:5999: $? = 0
configure:6053: gcc -o conftest -g -O2        conftest.c conftstm.o >&5
configure:6056: $? = 0
configure:6094: result: ok
configure:6190: gcc -c -g -O2      conftest.c >&5
configure:6193: $? = 0
configure:6954: checking how to run the C preprocessor
configure:6985: gcc -E  conftest.c
configure:6985: $? = 0
configure:6999: gcc -E  conftest.c
conftest.c:11:10: fatal error: ac_nonexistent.h: No such file or directory
   11 | #include <ac_nonexistent.h>
      |          ^~~~~~~~~~~~~~~~~~
compilation terminated.
configure:6999: $? = 1
configure: failed program was:
| /* confdefs.h */
| #define PACKAGE_NAME "zlib"
| #define PACKAGE_TARNAME "zlib"
| #define PACKAGE_VERSION "1.1.4"
| #define PACKAGE_STRING "zlib 1.1.4"
| #define PACKAGE_BUGREPORT ""
| #define PACKAGE_URL ""
| #define PACKAGE "zlib"
| #define VERSION "1.1.4"
| /* end confdefs.h.  */
| #include <ac_nonexistent.h>
configure:7024: result: gcc -E
configure:7044: gcc -E  conftest.c
configure:7044: $? = 0
configure:7058: gcc -E  conftest.c
conftest.c:11:10: fatal error: ac_nonexistent.h: No such file or directory
   11 | #include <ac_nonexistent.h>
      |          ^~~~~~~~~~~~~~~~~~
compilation terminated.
configure:7058: $? = 1
configure: failed program was:
| /* confdefs.h */
| #define PACKAGE_NAME "zlib"
| #define PACKAGE_TARNAME "zlib"
| #define PACKAGE_VERSION "1.1.4"
| #define PACKAGE_STRING "zlib 1.1.4"
| #define PACKAGE_BUGREPORT ""
| #define PACKAGE_URL ""
| #define PACKAGE "zlib"
| #define VERSION "1.1.4"
| /* end confdefs.h.  */
| #include <ac_nonexistent.h>
configure:7087: checking for ANSI C header files
configure:7107: gcc -c -g -O2      conftest.c >&5
configure:7107: $? = 0
configure:7180: gcc -o conftest -g -O2        conftest.c  >&5
configure:7180: $? = 0
configure:7180: ./conftest
configure:7180: $? = 0
configure:7191: result: yes
configure:7204: checking for sys/types.h
configure:7204: gcc -c -g -O2      conftest.c >&5
configure:7204: $? = 0
configure:7204: result: yes
configure:7204: checking for sys/stat.h
configure:7204: gcc -c -g -O2      conftest.c >&5
configure:7204: $? = 0
configure:7204: result: yes
configure:7204: checking for stdlib.h
configure:7204: gcc -c -g -O2      conftest.c >&5
configure:7204: $? = 0
configure:7204: result: yes
configure:7204: checking for string.h
configure:7204: gcc -c -g -O2      conftest.c >&5
configure:7204: $? = 0
configure:7204: result: yes
configure:7204: checking for memory.h
configure:7204: gcc -c -g -O2      conftest.c >&5
configure:7204: $? = 0
configure:7204: result: yes
configure:7204: checking for strings.h
configure:7204: gcc -c -g -O2      conftest.c >&5
configure:7204: $? = 0
configure:7204: result: yes
configure:7204: checking for inttypes.h
configure:7204: gcc -c -g -O2      conftest.c >&5
configure:7204: $? = 0
configure:7204: result: yes
configure:7204: checking for stdint.h
configure:7204: gcc -c -g -O2      conftest.c >&5
configure:7204: $? = 0
configure:7204: result: yes
configure:7204: checking for unistd.h
configure:7204: gcc -c -g -O2      conftest.c >&5
configure:7204: $? = 0
configure:7204: result: yes
configure:7218: checking for dlfcn.h
configure:7218: gcc -c -g -O2      conftest.c >&5
configure:7218: $? = 0
configure:7218: result: yes
configure:7405: checking for objdir
configure:7420: result: .libs
configure:7691: checking if gcc supports -fno-rtti -fno-exceptions
configure:7709: gcc -c -g -O2      -fno-rtti -fno-exceptions conftest.c >&5
cc1: warning: command-line option '-fno-rtti' is valid for C++/D/ObjC++ but not for C
configure:7713: $? = 0
configure:7726: result: no
configure:7746: checking for gcc option to produce PIC
configure:8032: result: -fPIC -DPIC
configure:8044: checking if gcc PIC flag -fPIC -DPIC works
configure:8062: gcc -c -g -O2      -fPIC -DPIC -DPIC conftest.c >&5
configure:8066: $? = 0
configure:8079: result: yes
configure:8103: checking if gcc static flag -static works
configure:8131: result: yes
configure:8146: checking if gcc supports -c -o file.o
configure:8167: gcc -c -g -O2      -o out/conftest2.o conftest.c >&5
configure:8171: $? = 0
configure:8193: result: yes
configure:8201: checking if gcc supports -c -o file.o
configure:8248: result: yes
configure:8281: checking whether the gcc linker (ld -m elf_x86_64) supports shared libraries
configure:9361: result: yes
configure:9398: checking whether -lc should be explicitly linked in
configure:9406: gcc -c -g -O2      conftest.c >&5
configure:9409: $? = 0
configure:9424: gcc -shared  -fPIC -DPIC conftest.o  -v -Wl,-soname -Wl,conftest -o conftest 2\>\&1 \| /usr/bin/grep  -lc  \>/dev/null 2\>\&1
configure:9427: $? = 0
configure:9441: result: no
configure:9606: checking dynamic linker characteristics
configure:10055: gcc -o conftest -g -O2        -Wl,-rpath -Wl,/foo conftest.c  >&5
configure:10055: $? = 0
configure:10296: result: GNU/Linux ld.so
configure:10403: checking how to hardcode library paths into programs
configure:10428: result: immediate
configure:10983: checking whether stripping libraries is possible
configure:10988: result: yes
configure:11023: checking if libtool supports shared libraries
configure:11025: result: yes
configure:11028: checking whether to build shared libraries
configure:11049: result: yes
configure:11052: checking whether to build static libraries
configure:11056: result: yes
configure:11099: checking how to run the C preprocessor
configure:11169: result: gcc -E
configure:11189: gcc -E  conftest.c
configure:11189: $? = 0
configure:11203: gcc -E  conftest.c
conftest.c:23:10: fatal error: ac_nonexistent.h: No such file or directory
   23 | #include <ac_nonexistent.h>
      |          ^~~~~~~~~~~~~~~~~~
compilation terminated.
configure:11203: $? = 1
configure: failed program was:
| /* confdefs.h */
| #define PACKAGE_NAME "zlib"
| #define PACKAGE_TARNAME "zlib"
| #define PACKAGE_VERSION "1.1.4"
| #define PACKAGE_STRING "zlib 1.1.4"
| #define PACKAGE_BUGREPORT ""
| #define PACKAGE_URL ""
| #define PACKAGE "zlib"
| #define VERSION "1.1.4"
| #define STDC_HEADERS 1
| #define HAVE_SYS_TYPES_H 1
| #define HAVE_SYS_STAT_H 1
| #define HAVE_STDLIB_H 1
| #define HAVE_STRING_H 1
| #define HAVE_MEMORY_H 1
| #define HAVE_STRINGS_H 1
| #define HAVE_INTTYPES_H 1
| #define HAVE_STDINT_H 1
| #define HAVE_UNISTD_H 1
| #define HAVE_DLFCN_H 1
| #define LT_OBJDIR ".libs/"
| /* end confdefs.h.  */
| #include <ac_nonexistent.h>
configure:11253: checking for stdlib.h
configure:11253: result: yes
configure:11253: checking for unistd.h
configure:11253: result: yes
configure:11253: checking for sys/param.h
configure:11253: gcc -c -g -O2      conftest.c >&5
configure:11253: $? = 0
configure:11253: result: yes
configure:11273: checking for getpagesize
configure:11273: gcc -o conftest -g -O2        conftest.c  >&5
configure:11273: $? = 0
configure:11273: result: yes
configure:11282: checking for working mmap
configure:11429: gcc -o conftest -g -O2        conftest.c  >&5
configure:11429: $? = 0
configure:11429: ./conftest
configure:11429: $? = 0
configure:11439: result: yes
configure:11451: checking for memcpy
configure:11451: gcc -o conftest -g -O2        conftest.c  >&5
conftest.c:51:6: warning: conflicting types for built-in function 'memcpy'; expected 'void *(void *, const void *, long unsigned int)' [-Wbuiltin-declaration-mismatch]
   51 | char memcpy ();
      |      ^~~~~~
conftest.c:39:1: note: 'memcpy' is declared in header '<string.h>'
   38 | # include <limits.h>
   39 | #else
configure:11451: $? = 0
configure:11451: result: yes
configure:11451: checking for strerror
configure:11451: gcc -o conftest -g -O2        conftest.c  >&5
configure:11451: $? = 0
configure:11451: result: yes
configure:11516: checking for unistd.h
configure:11516: result: yes
configure:11646: updating cache ./config.cache
configure:11726: checking that generated files are newer than configure
configure:11732: result: done
configure:11763: creating ./config.status

## ---------------------- ##
## Running config.status. ##
## ---------------------- ##

This file was extended by zlib config.status 1.1.4, which was
generated by GNU Autoconf 2.69.  Invocation command line was

  CONFIG_FILES    = 
  CONFIG_HEADERS  = 
  CONFIG_LINKS    = 
  CONFIG_COMMANDS = 
  $ ./config.status 

on DESKTOP-T5N9BCO

config.status:1023: creating Makefile
config.status:1180: executing depfiles commands
config.status:1180: executing libtool commands

## ---------------- ##
## Cache variables. ##
## ---------------- ##

ac_cv_build=x86_64-pc-linux-gnu
ac_cv_c_compiler_gnu=yes
ac_cv_env_CPPFLAGS_set=
ac_cv_env_CPPFLAGS_value=
ac_cv_env_CPP_set=
ac_cv_env_CPP_value=
ac_cv_env_build_alias_set=set
ac_cv_env_build_alias_value=x86_64-pc-linux-gnu
ac_cv_env_host_alias_set=set
ac_cv_env_host_alias_value=x86_64-pc-linux-gnu
ac_cv_env_target_alias_set=set
ac_cv_env_target_alias_value=i686-elf
ac_cv_func_getpagesize=yes
ac_cv_func_memcpy=yes
ac_cv_func_mmap_fixed_mapped=yes
ac_cv_func_strerror=yes
ac_cv_header_dlfcn_h=yes
ac_cv_header_inttypes_h=yes
ac_cv_header_memory_h=yes
ac_cv_header_stdc=yes
ac_cv_header_stdint_h=yes
ac_cv_header_stdlib_h=yes
ac_cv_header_string_h=yes
ac_cv_header_strings_h=yes
ac_cv_header_sys_param_h=yes
ac_cv_header_sys_stat_h=yes
ac_cv_header_sys_types_h=yes
ac_cv_header_unistd_h=yes
ac_cv_host=x86_64-pc-linux-gnu
ac_cv_objext=o
ac_cv_path_EGREP='/usr/bin/grep -E'
ac_cv_path_FGREP='/usr/bin/grep -F'
ac_cv_path_GREP=/usr/bin/grep
ac_cv_path_SED=/usr/bin/sed
ac_cv_path_mkdir=/usr/bin/mkdir
ac_cv_prog_AR='ar --plugin /usr/libexec/gcc/x86_64-linux-gnu/13/liblto_plugin.so'
ac_cv_prog_AWK=gawk
ac_cv_prog_CC=gcc
ac_cv_prog_CPP='gcc -E'
ac_cv_prog_OBJDUMP=objdump
ac_cv_prog_RANLIB='ranlib --plugin /usr/libexec/gcc/x86_64-linux-gnu/13/liblto_plugin.so'
ac_cv_prog_ac_ct_STRIP=strip
ac_cv_prog_cc_c89=
ac_cv_prog_cc_g=yes
ac_cv_prog_make_make_set=yes
ac_cv_target=i686-pc-elf
am_cv_CC_dependencies_compiler_type=gcc3
am_cv_make_support_nested_variables=yes
am_cv_prog_cc_c_o=yes
lt_cv_archive_cmds_need_lc=no
lt_cv_deplibs_check_method=pass_all
lt_cv_file_magic_cmd='$MAGIC_CMD'
lt_cv_file_magic_test_file=
lt_cv_ld_reload_flag=-r
lt_cv_nm_interface='BSD nm'
lt_cv_objdir=.libs
lt_cv_path_LD=ld
lt_cv_path_NM='/usr/bin/nm -B'
lt_cv_prog_compiler_c_o=yes
lt_cv_prog_compiler_pic_works=yes
lt_cv_prog_compiler_rtti_exceptions=no
lt_cv_prog_compiler_static_works=yes
lt_cv_prog_gnu_ld=yes
lt_cv_shlibpath_overrides_runpath=yes
lt_cv_sys_global_symbol_pipe='sed -n -e '\''s/^.*[	 ]\([ABCDGIRSTW][ABCDGIRSTW]*\)[	 ][	 ]*\([_A-Za-z][_A-Za-z0-9]*\)$/\1 \2 \2/p'\'''
lt_cv_sys_global_symbol_to_c_name_address='sed -n -e '\''s/^: \([^ ]*\) $/  {\"\1\", (void *) 0},/p'\'' -e '\''s/^[ABCDGIRSTW]* \([^ ]*\) \([^ ]*\)$/  {"\2", (void *) \&\2},/p'\'''
lt_cv_sys_global_symbol_to_c_name_address_lib_prefix='sed -n -e '\''s/^: \([^ ]*\) $/  {\"\1\", (void *) 0},/p'\'' -e '\''s/^[ABCDGIRSTW]* \([^ ]*\) \(lib[^ ]*\)$/  {"\2", (void *) \&\2},/p'\'' -e '\''s/^[ABCDGIRSTW]* \([^ ]*\) \([^ ]*\)$/  {"lib\2", (void *) \&\2},/p'\'''
lt_cv_sys_global_symbol_to_cdecl='sed -n -e '\''s/^T .* \(.*\)$/extern int \1();/p'\'' -e '\''s/^[ABCDGIRSTW]* .* \(.*\)$/extern char \1;/p'\'''
lt_cv_sys_max_cmd_len=1572864

## ----------------- ##
## Output variables. ##
## ----------------- ##

ACLOCAL='${SHELL} /home/rcarnation/projects/linux-kernel-32bit-x86/cross-compiler/src/binutils-2.44/missing aclocal-1.15'
AMDEPBACKSLASH='\'
AMDEP_FALSE='#'
AMDEP_TRUE=''
AMTAR='$${TAR-tar}'
AM_BACKSLASH='\'
AM_DEFAULT_V='$(AM_DEFAULT_VERBOSITY)'
AM_DEFAULT_VERBOSITY='0'
AM_V='$(V)'
AR='ar --plugin /usr/libexec/gcc/x86_64-linux-gnu/13/liblto_plugin.so --plugin /usr/libexec/gcc/x86_64-linux-gnu/13/liblto_plugin.so'
AUTOCONF='${SHELL} /home/rcarnation/projects/linux-kernel-32bit-x86/cross-compiler/src/binutils-2.44/missing autoconf'
AUTOHEADER='${SHELL} /home/rcarnation/projects/linux-kernel-32bit-x86/cross-compiler/src/binutils-2.44/missing autoheader'
AUTOMAKE='${SHELL} /home/rcarnation/projects/linux-kernel-32bit-x86/cross-compiler/src/binutils-2.44/missing automake-1.15'
AWK='gawk'
CC='gcc'
CCDEPMODE='depmode=gcc3'
CFLAGS='-g -O2    '
COMPPATH='.'
CPP='gcc -E'
CPPFLAGS=''
CYGPATH_W='echo'
DEFS='-DPACKAGE_NAME=\"zlib\" -DPACKAGE_TARNAME=\"zlib\" -DPACKAGE_VERSION=\"1.1.4\" -DPACKAGE_STRING=\"zlib\ 1.1.4\" -DPACKAGE_BUGREPORT=\"\" -DPACKAGE_URL=\"\" -DPACKAGE=\"zlib\" -DVERSION=\"1.1.4\" -DSTDC_HEADERS=1 -DHAVE_SYS_TYPES_H=1 -DHAVE_SYS_STAT_H=1 -DHAVE_STDLIB_H=1 -DHAVE_STRING_H=1 -DHAVE_MEMORY_H=1 -DHAVE_STRINGS_H=1 -DHAVE_INTTYPES_H=1 -DHAVE_STDINT_H=1 -DHAVE_UNISTD_H=1 -DHAVE_DLFCN_H=1 -DLT_OBJDIR=\".libs/\" -DHAVE_STDLIB_H=1 -DHAVE_UNISTD_H=1 -DHAVE_SYS_PARAM_H=1 -DHAVE_GETPAGESIZE=1 -DHAVE_MMAP=1 -DHAVE_MEMCPY=1 -DHAVE_STRERROR=1 -DHAVE_UNISTD_H=1'
DEPDIR='.deps'
DSYMUTIL='dsymutil'
DUMPBIN=''
ECHO_C=''
ECHO_N='-n'
ECHO_T=''
EGREP='/usr/bin/grep -E'
EXEEXT=''
FGREP='/usr/bin/grep -F'
GREP='/usr/bin/grep'
INSTALL_DATA='/usr/bin/install -c -m 644'
INSTALL_PROGRAM='/usr/bin/install -c'
INSTALL_SCRIPT='/usr/bin/install -c'
INSTALL_STRIP_PROGRAM='$(install_sh) -c -s'
LD='ld -m elf_x86_64'
LDFLAGS=' '
LIBOBJS=''
LIBS=''
LIBTOOL='$(SHELL) $(top_builddir)/libtool'
LIPO=''
LN_S='ln -s'
LTLIBOBJS=''
MAINT='#'
MAINTAINER_MODE_FALSE=''
MAINTAINER_MODE_TRUE='#'
MAKEINFO='makeinfo --split-size=5000000'
MKDIR_P='/usr/bin/mkdir -p'
NM='/usr/bin/nm -B'
NMEDIT=''
OBJDUMP='objdump'
OBJEXT='o'
OTOOL64=''
OTOOL='otool'
PACKAGE='zlib'
PACKAGE_BUGREPORT=''
PACKAGE_NAME='zlib'
PACKAGE_STRING='zlib 1.1.4'
PACKAGE_TARNAME='zlib'
PACKAGE_URL=''
PACKAGE_VERSION='1.1.4'
PATH_SEPARATOR=':'
PICFLAG=''
RANLIB='ranlib --plugin /usr/libexec/gcc/x86_64-linux-gnu/13/liblto_plugin.so --plugin /usr/libexec/gcc/x86_64-linux-gnu/13/liblto_plugin.so'
SED='/usr/bin/sed'
SET_MAKE=''
SHELL='/bin/bash'
STRIP='strip'
TARGET_LIBRARY_FALSE=''
TARGET_LIBRARY_TRUE='#'
VERSION='1.1.4'
ac_ct_CC=''
ac_ct_DUMPBIN=''
am__EXEEXT_FALSE=''
am__EXEEXT_TRUE='#'
am__fastdepCC_FALSE='#'
am__fastdepCC_TRUE=''
am__include='include'
am__isrc=' -I$(srcdir)'
am__leading_dot='.'
am__nodep='_no'
am__quote=''
am__tar='$${TAR-tar} chof - "$$tardir"'
am__untar='$${TAR-tar} xf -'
bindir='${exec_prefix}/bin'
build='x86_64-pc-linux-gnu'
build_alias='x86_64-pc-linux-gnu'
build_cpu='x86_64'
build_os='linux-gnu'
build_vendor='pc'
datadir='${datarootdir}'
datarootdir='${prefix}/share'
docdir='${datarootdir}/doc/${PACKAGE_TARNAME}'
dvidir='${docdir}'
enable_host_pie=''
enable_host_shared=''
exec_prefix='${prefix}'
host='x86_64-pc-linux-gnu'
host_alias='x86_64-pc-linux-gnu'
host_cpu='x86_64'
host_os='linux-gnu'
host_vendor='pc'
htmldir='${docdir}'
includedir='${prefix}/include'
infodir='${datarootdir}/info'
install_sh='${SHELL} /home/rcarnation/projects/linux-kernel-32bit-x86/cross-compiler/src/binutils-2.44/install-sh'
libdir='${exec_prefix}/lib'
libexecdir='${exec_prefix}/libexec'
localedir='${datarootdir}/locale'
localstatedir='${prefix}/var'
mandir='${datarootdir}/man'
mkdir_p='$(MKDIR_P)'
mkinstalldirs='/home/rcarnation/projects/linux-kernel-32bit-x86/cross-compiler/src/binutils-2.44/mkinstalldirs'
multi_basedir=''
oldincludedir='/usr/include'
pdfdir='${docdir}'
prefix='/home/rcarnation/opt/cross'
program_transform_name='s&^&i686-elf-&'
psdir='${docdir}'
sbindir='${exec_prefix}/sbin'
sharedstatedir='${prefix}/com'
sysconfdir='${prefix}/etc'
target='i686-pc-elf'
target_alias='i686-elf'
target_all='libzgcj.la'
target_cpu='i686'
target_os='elf'
target_vendor='pc'
toolexecdir='$(libdir)/gcc-lib/$(target_alias)'
toolexeclibdir='$(libdir)/../lib'

## ----------- ##
## confdefs.h. ##
## ----------- ##

/* confdefs.h */
#define PACKAGE_NAME "zlib"
#define PACKAGE_TARNAME "zlib"
#define PACKAGE_VERSION "1.1.4"
#define PACKAGE_STRING "zlib 1.1.4"
#define PACKAGE_BUGREPORT ""
#define PACKAGE_URL ""
#define PACKAGE "zlib"
#define VERSION "1.1.4"
#define STDC_HEADERS 1
#define HAVE_SYS_TYPES_H 1
#define HAVE_SYS_STAT_H 1
#define HAVE_STDLIB_H 1
#define HAVE_STRING_H 1
#define HAVE_MEMORY_H 1
#define HAVE_STRINGS_H 1
#define HAVE_INTTYPES_H 1
#define HAVE_STDINT_H 1
#define HAVE_UNISTD_H 1
#define HAVE_DLFCN_H 1
#define LT_OBJDIR ".libs/"
#define HAVE_STDLIB_H 1
#define HAVE_UNISTD_H 1
#define HAVE_SYS_PARAM_H 1
#define HAVE_GETPAGESIZE 1
#define HAVE_MMAP 1
#define HAVE_MEMCPY 1
#define HAVE_STRERROR 1
#define HAVE_UNISTD_H 1

configure: exit 0
