This file contains any messages produced by compilers while
running configure, to aid debugging if configure makes a mistake.

It was created by bfd configure 2.44, which was
generated by GNU Autoconf 2.69.  Invocation command line was

  $ /home/rcarnation/projects/linux-kernel-32bit-x86/cross-compiler/src/binutils-2.44/bfd/configure --srcdir=../../src/binutils-2.44/bfd --cache-file=./config.cache --with-gnu-as --with-gnu-ld --prefix=/home/rcarnation/opt/cross --with-sysroot --disable-nls --disable-werro --program-transform-name=s&^&i686-elf-& --disable-option-checking --disable-year2038 --build=x86_64-pc-linux-gnu --host=x86_64-pc-linux-gnu --target=i686-elf

## --------- ##
## Platform. ##
## --------- ##

hostname = DESKTOP-T5N9BCO
uname -m = x86_64
uname -r = 5.15.167.4-microsoft-standard-WSL2
uname -s = Linux
uname -v = #1 SMP Tue Nov 5 00:21:55 UTC 2024

/usr/bin/uname -p = x86_64
/bin/uname -X     = unknown

/bin/arch              = x86_64
/usr/bin/arch -k       = unknown
/usr/convex/getsysinfo = unknown
/usr/bin/hostinfo      = unknown
/bin/machine           = unknown
/usr/bin/oslevel       = unknown
/bin/universe          = unknown

PATH: /usr/local/sbin
PATH: /usr/local/bin
PATH: /usr/sbin
PATH: /usr/bin
PATH: /sbin
PATH: /bin
PATH: /usr/games
PATH: /usr/local/games
PATH: /usr/lib/wsl/lib
PATH: /mnt/c/Program Files/WindowsApps/MicrosoftCorporationII.WindowsSubsystemForLinux_2.4.11.0_x64__8wekyb3d8bbwe
PATH: /mnt/c/Program Files (x86)/Common Files/Intel/Shared Libraries/redist/intel64/compiler
PATH: /mnt/c/Program Files/Common Files/Oracle/Java/javapath
PATH: /mnt/c/Windows/system32
PATH: /mnt/c/Windows
PATH: /mnt/c/Windows/System32/Wbem
PATH: /mnt/c/Windows/System32/WindowsPowerShell/v1.0/
PATH: /mnt/c/Windows/System32/OpenSSH/
PATH: /mnt/c/Program Files/NVIDIA Corporation/NVIDIA NvDLISR
PATH: /mnt/c/Program Files/Java/pj2.jar
PATH: /mnt/c/Program Files/dotnet/
PATH: /mnt/c/Program Files/Microsoft SQL Server/120/Tools/Binn/
PATH: /mnt/c/Program Files/Java/jdk-17.0.2/bin/`
PATH: /mnt/c/Program Files (x86)/ZeroTier/One/
PATH: /mnt/c/Program Files (x86)/NVIDIA Corporation/PhysX/Common
PATH: /mnt/c/WINDOWS/system32
PATH: /mnt/c/WINDOWS
PATH: /mnt/c/WINDOWS/System32/Wbem
PATH: /mnt/c/WINDOWS/System32/WindowsPowerShell/v1.0/
PATH: /mnt/c/WINDOWS/System32/OpenSSH/
PATH: /mnt/c/xampp/php
PATH: /mnt/c/Users/carna/composer.phar
PATH: /mnt/c/xampp/php/php.exe
PATH: /mnt/c/Program Files/Git/cmd
PATH: /mnt/c/dev/flutter/bin
PATH: /mnt/c/Users/carna/AppData/Local/Programs/Python/Python39/Scripts/
PATH: /mnt/c/Users/carna/AppData/Local/Programs/Python/Python39/
PATH: /mnt/c/Users/carna/AppData/Local/Microsoft/WindowsApps
PATH: /mnt/c/Program Files/JetBrains/PyCharm Community Edition 2020.3.3/bin
PATH: /mnt/c/Program Files/JetBrains/IntelliJ IDEA Community Edition 2020.3.2/bin
PATH: /mnt/c/Users/carna/AppData/Local/Programs/MiKTeX/miktex/bin/x64/
PATH: /mnt/c/Program Files/Java/jdk-17.0.2/bin/server/
PATH: /mnt/c/Program Files/AntiMicroX/bin
PATH: /mnt/c/Users/carna/AppData/Local/Programs/Microsoft VS Code/bin
PATH: /mnt/c/dev/flutter/bin
PATH: /mnt/c/Users/carna/miniconda3/condabin
PATH: /mnt/c/Users/carna/.dotnet/tools
PATH: /snap/bin


## ----------- ##
## Core tests. ##
## ----------- ##

configure:2499: creating cache ./config.cache
configure:2614: checking build system type
configure:2628: result: x86_64-pc-linux-gnu
configure:2648: checking host system type
configure:2661: result: x86_64-pc-linux-gnu
configure:2681: checking target system type
configure:2694: result: i686-pc-elf
configure:2737: checking for a BSD-compatible install
configure:2805: result: /usr/bin/install -c
configure:2816: checking whether build environment is sane
configure:2871: result: yes
configure:3022: checking for a thread-safe mkdir -p
configure:3061: result: /usr/bin/mkdir -p
configure:3068: checking for gawk
configure:3095: result: gawk
configure:3106: checking whether make sets $(MAKE)
configure:3128: result: yes
configure:3157: checking whether make supports nested variables
configure:3174: result: yes
configure:3311: checking whether make supports nested variables
configure:3328: result: yes
configure:3343: checking for x86_64-pc-linux-gnu-ar
configure:3370: result: ar --plugin /usr/libexec/gcc/x86_64-linux-gnu/13/liblto_plugin.so
configure:3435: checking for x86_64-pc-linux-gnu-ranlib
configure:3462: result: ranlib --plugin /usr/libexec/gcc/x86_64-linux-gnu/13/liblto_plugin.so
configure:3565: checking for x86_64-pc-linux-gnu-gcc
configure:3592: result: gcc
configure:3861: checking for C compiler version
configure:3870: gcc --version >&5
gcc (Ubuntu 13.3.0-6ubuntu2~24.04) 13.3.0
Copyright (C) 2023 Free Software Foundation, Inc.
This is free software; see the source for copying conditions.  There is NO
warranty; not even for MERCHANTABILITY or FITNESS FOR A PARTICULAR PURPOSE.

configure:3881: $? = 0
configure:3870: gcc -v >&5
Using built-in specs.
COLLECT_GCC=gcc
COLLECT_LTO_WRAPPER=/usr/libexec/gcc/x86_64-linux-gnu/13/lto-wrapper
OFFLOAD_TARGET_NAMES=nvptx-none:amdgcn-amdhsa
OFFLOAD_TARGET_DEFAULT=1
Target: x86_64-linux-gnu
Configured with: ../src/configure -v --with-pkgversion='Ubuntu 13.3.0-6ubuntu2~24.04' --with-bugurl=file:///usr/share/doc/gcc-13/README.Bugs --enable-languages=c,ada,c++,go,d,fortran,objc,obj-c++,m2 --prefix=/usr --with-gcc-major-version-only --program-suffix=-13 --program-prefix=x86_64-linux-gnu- --enable-shared --enable-linker-build-id --libexecdir=/usr/libexec --without-included-gettext --enable-threads=posix --libdir=/usr/lib --enable-nls --enable-bootstrap --enable-clocale=gnu --enable-libstdcxx-debug --enable-libstdcxx-time=yes --with-default-libstdcxx-abi=new --enable-libstdcxx-backtrace --enable-gnu-unique-object --disable-vtable-verify --enable-plugin --enable-default-pie --with-system-zlib --enable-libphobos-checking=release --with-target-system-zlib=auto --enable-objc-gc=auto --enable-multiarch --disable-werror --enable-cet --with-arch-32=i686 --with-abi=m64 --with-multilib-list=m32,m64,mx32 --enable-multilib --with-tune=generic --enable-offload-targets=nvptx-none=/build/gcc-13-fG75Ri/gcc-13-13.3.0/debian/tmp-nvptx/usr,amdgcn-amdhsa=/build/gcc-13-fG75Ri/gcc-13-13.3.0/debian/tmp-gcn/usr --enable-offload-defaulted --without-cuda-driver --enable-checking=release --build=x86_64-linux-gnu --host=x86_64-linux-gnu --target=x86_64-linux-gnu --with-build-config=bootstrap-lto-lean --enable-link-serialization=2
Thread model: posix
Supported LTO compression algorithms: zlib zstd
gcc version 13.3.0 (Ubuntu 13.3.0-6ubuntu2~24.04) 
... rest of stderr output deleted ...
configure:3881: $? = 0
configure:3870: gcc -V >&5
gcc: error: unrecognized command-line option '-V'
gcc: fatal error: no input files
compilation terminated.
configure:3881: $? = 1
configure:3870: gcc -qversion >&5
gcc: error: unrecognized command-line option '-qversion'; did you mean '--version'?
gcc: fatal error: no input files
compilation terminated.
configure:3881: $? = 1
configure:3901: checking whether the C compiler works
configure:3923: gcc -g -O2        conftest.c  >&5
configure:3927: $? = 0
configure:3975: result: yes
configure:3978: checking for C compiler default output file name
configure:3980: result: a.out
configure:3986: checking for suffix of executables
configure:3993: gcc -o conftest -g -O2        conftest.c  >&5
configure:3997: $? = 0
configure:4019: result: 
configure:4041: checking whether we are cross compiling
configure:4049: gcc -o conftest -g -O2        conftest.c  >&5
configure:4053: $? = 0
configure:4060: ./conftest
configure:4064: $? = 0
configure:4079: result: no
configure:4084: checking for suffix of object files
configure:4106: gcc -c -g -O2      conftest.c >&5
configure:4110: $? = 0
configure:4131: result: o
configure:4135: checking whether we are using the GNU C compiler
configure:4154: gcc -c -g -O2      conftest.c >&5
configure:4154: $? = 0
configure:4163: result: yes
configure:4172: checking whether gcc accepts -g
configure:4192: gcc -c -g  conftest.c >&5
configure:4192: $? = 0
configure:4233: result: yes
configure:4250: checking for gcc option to accept ISO C89
configure:4313: gcc  -c -g -O2      conftest.c >&5
configure:4313: $? = 0
configure:4326: result: none needed
configure:4351: checking whether gcc understands -c and -o together
configure:4373: gcc -c conftest.c -o conftest2.o
configure:4376: $? = 0
configure:4373: gcc -c conftest.c -o conftest2.o
configure:4376: $? = 0
configure:4388: result: yes
configure:4416: checking for style of include used by make
configure:4444: result: GNU
configure:4470: checking dependency style of gcc
configure:4581: result: gcc3
configure:4602: checking how to run the C preprocessor
configure:4633: gcc -E  conftest.c
configure:4633: $? = 0
configure:4647: gcc -E  conftest.c
conftest.c:11:10: fatal error: ac_nonexistent.h: No such file or directory
   11 | #include <ac_nonexistent.h>
      |          ^~~~~~~~~~~~~~~~~~
compilation terminated.
configure:4647: $? = 1
configure: failed program was:
| /* confdefs.h */
| #define PACKAGE_NAME "bfd"
| #define PACKAGE_TARNAME "bfd"
| #define PACKAGE_VERSION "2.44"
| #define PACKAGE_STRING "bfd 2.44"
| #define PACKAGE_BUGREPORT ""
| #define PACKAGE_URL ""
| #define PACKAGE "bfd"
| #define VERSION "2.44"
| /* end confdefs.h.  */
| #include <ac_nonexistent.h>
configure:4672: result: gcc -E
configure:4692: gcc -E  conftest.c
configure:4692: $? = 0
configure:4706: gcc -E  conftest.c
conftest.c:11:10: fatal error: ac_nonexistent.h: No such file or directory
   11 | #include <ac_nonexistent.h>
      |          ^~~~~~~~~~~~~~~~~~
compilation terminated.
configure:4706: $? = 1
configure: failed program was:
| /* confdefs.h */
| #define PACKAGE_NAME "bfd"
| #define PACKAGE_TARNAME "bfd"
| #define PACKAGE_VERSION "2.44"
| #define PACKAGE_STRING "bfd 2.44"
| #define PACKAGE_BUGREPORT ""
| #define PACKAGE_URL ""
| #define PACKAGE "bfd"
| #define VERSION "2.44"
| /* end confdefs.h.  */
| #include <ac_nonexistent.h>
configure:4735: checking for grep that handles long lines and -e
configure:4793: result: /usr/bin/grep
configure:4798: checking for egrep
configure:4860: result: /usr/bin/grep -E
configure:4865: checking for ANSI C header files
configure:4885: gcc -c -g -O2      conftest.c >&5
configure:4885: $? = 0
configure:4958: gcc -o conftest -g -O2        conftest.c  >&5
configure:4958: $? = 0
configure:4958: ./conftest
configure:4958: $? = 0
configure:4969: result: yes
configure:4982: checking for sys/types.h
configure:4982: gcc -c -g -O2      conftest.c >&5
configure:4982: $? = 0
configure:4982: result: yes
configure:4982: checking for sys/stat.h
configure:4982: gcc -c -g -O2      conftest.c >&5
configure:4982: $? = 0
configure:4982: result: yes
configure:4982: checking for stdlib.h
configure:4982: gcc -c -g -O2      conftest.c >&5
configure:4982: $? = 0
configure:4982: result: yes
configure:4982: checking for string.h
configure:4982: gcc -c -g -O2      conftest.c >&5
configure:4982: $? = 0
configure:4982: result: yes
configure:4982: checking for memory.h
configure:4982: gcc -c -g -O2      conftest.c >&5
configure:4982: $? = 0
configure:4982: result: yes
configure:4982: checking for strings.h
configure:4982: gcc -c -g -O2      conftest.c >&5
configure:4982: $? = 0
configure:4982: result: yes
configure:4982: checking for inttypes.h
configure:4982: gcc -c -g -O2      conftest.c >&5
configure:4982: $? = 0
configure:4982: result: yes
configure:4982: checking for stdint.h
configure:4982: gcc -c -g -O2      conftest.c >&5
configure:4982: $? = 0
configure:4982: result: yes
configure:4982: checking for unistd.h
configure:4982: gcc -c -g -O2      conftest.c >&5
configure:4982: $? = 0
configure:4982: result: yes
configure:4995: checking minix/config.h usability
configure:4995: gcc -c -g -O2      conftest.c >&5
conftest.c:54:10: fatal error: minix/config.h: No such file or directory
   54 | #include <minix/config.h>
      |          ^~~~~~~~~~~~~~~~
compilation terminated.
configure:4995: $? = 1
configure: failed program was:
| /* confdefs.h */
| #define PACKAGE_NAME "bfd"
| #define PACKAGE_TARNAME "bfd"
| #define PACKAGE_VERSION "2.44"
| #define PACKAGE_STRING "bfd 2.44"
| #define PACKAGE_BUGREPORT ""
| #define PACKAGE_URL ""
| #define PACKAGE "bfd"
| #define VERSION "2.44"
| #define STDC_HEADERS 1
| #define HAVE_SYS_TYPES_H 1
| #define HAVE_SYS_STAT_H 1
| #define HAVE_STDLIB_H 1
| #define HAVE_STRING_H 1
| #define HAVE_MEMORY_H 1
| #define HAVE_STRINGS_H 1
| #define HAVE_INTTYPES_H 1
| #define HAVE_STDINT_H 1
| #define HAVE_UNISTD_H 1
| /* end confdefs.h.  */
| #include <stdio.h>
| #ifdef HAVE_SYS_TYPES_H
| # include <sys/types.h>
| #endif
| #ifdef HAVE_SYS_STAT_H
| # include <sys/stat.h>
| #endif
| #ifdef STDC_HEADERS
| # include <stdlib.h>
| # include <stddef.h>
| #else
| # ifdef HAVE_STDLIB_H
| #  include <stdlib.h>
| # endif
| #endif
| #ifdef HAVE_STRING_H
| # if !defined STDC_HEADERS && defined HAVE_MEMORY_H
| #  include <memory.h>
| # endif
| # include <string.h>
| #endif
| #ifdef HAVE_STRINGS_H
| # include <strings.h>
| #endif
| #ifdef HAVE_INTTYPES_H
| # include <inttypes.h>
| #endif
| #ifdef HAVE_STDINT_H
| # include <stdint.h>
| #endif
| #ifdef HAVE_UNISTD_H
| # include <unistd.h>
| #endif
| #include <minix/config.h>
configure:4995: result: no
configure:4995: checking minix/config.h presence
configure:4995: gcc -E  conftest.c
conftest.c:21:10: fatal error: minix/config.h: No such file or directory
   21 | #include <minix/config.h>
      |          ^~~~~~~~~~~~~~~~
compilation terminated.
configure:4995: $? = 1
configure: failed program was:
| /* confdefs.h */
| #define PACKAGE_NAME "bfd"
| #define PACKAGE_TARNAME "bfd"
| #define PACKAGE_VERSION "2.44"
| #define PACKAGE_STRING "bfd 2.44"
| #define PACKAGE_BUGREPORT ""
| #define PACKAGE_URL ""
| #define PACKAGE "bfd"
| #define VERSION "2.44"
| #define STDC_HEADERS 1
| #define HAVE_SYS_TYPES_H 1
| #define HAVE_SYS_STAT_H 1
| #define HAVE_STDLIB_H 1
| #define HAVE_STRING_H 1
| #define HAVE_MEMORY_H 1
| #define HAVE_STRINGS_H 1
| #define HAVE_INTTYPES_H 1
| #define HAVE_STDINT_H 1
| #define HAVE_UNISTD_H 1
| /* end confdefs.h.  */
| #include <minix/config.h>
configure:4995: result: no
configure:4995: checking for minix/config.h
configure:4995: result: no
configure:5016: checking whether it is safe to define __EXTENSIONS__
configure:5034: gcc -c -g -O2      conftest.c >&5
configure:5034: $? = 0
configure:5041: result: yes
configure:5102: checking how to print strings
configure:5129: result: printf
configure:5150: checking for a sed that does not truncate output
configure:5214: result: /usr/bin/sed
configure:5232: checking for fgrep
configure:5294: result: /usr/bin/grep -F
configure:5329: checking for ld used by gcc
configure:5396: result: ld
configure:5403: checking if the linker (ld) is GNU ld
configure:5418: result: yes
configure:5430: checking for BSD- or MS-compatible name lister (nm)
configure:5486: result: /usr/bin/nm -B
configure:5616: checking the name lister (/usr/bin/nm -B) interface
configure:5623: gcc -c -g -O2      conftest.c >&5
configure:5626: /usr/bin/nm -B "conftest.o"
configure:5629: output
0000000000000000 B some_variable
configure:5636: result: BSD nm
configure:5639: checking whether ln -s works
configure:5643: result: yes
configure:5651: checking the maximum length of command line arguments
configure:5776: result: 1572864
configure:5793: checking whether the shell understands some XSI constructs
configure:5803: result: yes
configure:5807: checking whether the shell understands "+="
configure:5813: result: yes
configure:5848: checking for ld option to reload object files
configure:5855: result: -r
configure:5884: checking for x86_64-pc-linux-gnu-objdump
configure:5911: result: objdump
configure:5983: checking how to recognize dependent libraries
configure:6189: result: pass_all
configure:6222: checking for x86_64-pc-linux-gnu-ar
configure:6249: result: ar --plugin /usr/libexec/gcc/x86_64-linux-gnu/13/liblto_plugin.so
configure:6340: checking for x86_64-pc-linux-gnu-strip
configure:6370: result: no
configure:6380: checking for strip
configure:6396: found /usr/bin/strip
configure:6407: result: strip
configure:6439: checking for x86_64-pc-linux-gnu-ranlib
configure:6466: result: ranlib --plugin /usr/libexec/gcc/x86_64-linux-gnu/13/liblto_plugin.so
configure:6613: checking command to parse /usr/bin/nm -B output from gcc object
configure:6731: gcc -c -g -O2      conftest.c >&5
configure:6734: $? = 0
configure:6738: /usr/bin/nm -B conftest.o \| sed -n -e 's/^.*[ ]\([ABCDGIRSTW][ABCDGIRSTW]*\)[ ][ ]*\([_A-Za-z][_A-Za-z0-9]*\)$/\1 \2 \2/p' \> conftest.nm
configure:6741: $? = 0
configure:6795: gcc -o conftest -g -O2        conftest.c conftstm.o >&5
configure:6798: $? = 0
configure:6836: result: ok
configure:6931: gcc -c -g -O2      conftest.c >&5
configure:6934: $? = 0
configure:7686: checking for dlfcn.h
configure:7686: gcc -c -g -O2      conftest.c >&5
configure:7686: $? = 0
configure:7686: result: yes
configure:7842: checking for objdir
configure:7857: result: .libs
configure:8128: checking if gcc supports -fno-rtti -fno-exceptions
configure:8146: gcc -c -g -O2      -fno-rtti -fno-exceptions conftest.c >&5
cc1: warning: command-line option '-fno-rtti' is valid for C++/D/ObjC++ but not for C
configure:8150: $? = 0
configure:8163: result: no
configure:8183: checking for gcc option to produce PIC
configure:8469: result: -fPIC -DPIC
configure:8481: checking if gcc PIC flag -fPIC -DPIC works
configure:8499: gcc -c -g -O2      -fPIC -DPIC -DPIC conftest.c >&5
configure:8503: $? = 0
configure:8516: result: yes
configure:8540: checking if gcc static flag -static works
configure:8568: result: yes
configure:8583: checking if gcc supports -c -o file.o
configure:8604: gcc -c -g -O2      -o out/conftest2.o conftest.c >&5
configure:8608: $? = 0
configure:8630: result: yes
configure:8638: checking if gcc supports -c -o file.o
configure:8685: result: yes
configure:8718: checking whether the gcc linker (ld -m elf_x86_64) supports shared libraries
configure:9789: result: yes
configure:10034: checking dynamic linker characteristics
configure:10480: gcc -o conftest -g -O2        -Wl,-rpath -Wl,/foo conftest.c  >&5
configure:10480: $? = 0
configure:10721: result: GNU/Linux ld.so
configure:10828: checking how to hardcode library paths into programs
configure:10853: result: immediate
configure:10947: checking for shl_load
configure:10947: gcc -o conftest -g -O2        conftest.c  >&5
/usr/bin/ld: /tmp/ccKuHBKR.o: in function `main':
/home/rcarnation/projects/linux-kernel-32bit-x86/cross-compiler/build-binutils/bfd/conftest.c:62:(.text.startup+0xb): undefined reference to `shl_load'
collect2: error: ld returned 1 exit status
configure:10947: $? = 1
configure: failed program was:
| /* confdefs.h */
| #define PACKAGE_NAME "bfd"
| #define PACKAGE_TARNAME "bfd"
| #define PACKAGE_VERSION "2.44"
| #define PACKAGE_STRING "bfd 2.44"
| #define PACKAGE_BUGREPORT ""
| #define PACKAGE_URL ""
| #define PACKAGE "bfd"
| #define VERSION "2.44"
| #define STDC_HEADERS 1
| #define HAVE_SYS_TYPES_H 1
| #define HAVE_SYS_STAT_H 1
| #define HAVE_STDLIB_H 1
| #define HAVE_STRING_H 1
| #define HAVE_MEMORY_H 1
| #define HAVE_STRINGS_H 1
| #define HAVE_INTTYPES_H 1
| #define HAVE_STDINT_H 1
| #define HAVE_UNISTD_H 1
| #define __EXTENSIONS__ 1
| #define _ALL_SOURCE 1
| #define _GNU_SOURCE 1
| #define _POSIX_PTHREAD_SEMANTICS 1
| #define _TANDEM_SOURCE 1
| #define HAVE_DLFCN_H 1
| #define LT_OBJDIR ".libs/"
| /* end confdefs.h.  */
| /* Define shl_load to an innocuous variant, in case <limits.h> declares shl_load.
|    For example, HP-UX 11i <limits.h> declares gettimeofday.  */
| #define shl_load innocuous_shl_load
| 
| /* System header to define __stub macros and hopefully few prototypes,
|     which can conflict with char shl_load (); below.
|     Prefer <limits.h> to <assert.h> if __STDC__ is defined, since
|     <limits.h> exists even on freestanding compilers.  */
| 
| #ifdef __STDC__
| # include <limits.h>
| #else
| # include <assert.h>
| #endif
| 
| #undef shl_load
| 
| /* Override any GCC internal prototype to avoid an error.
|    Use char because int might match the return type of a GCC
|    builtin and then its argument prototype would still apply.  */
| #ifdef __cplusplus
| extern "C"
| #endif
| char shl_load ();
| /* The GNU C library defines this for functions which it implements
|     to always fail with ENOSYS.  Some functions are actually named
|     something starting with __ and the normal name is an alias.  */
| #if defined __stub_shl_load || defined __stub___shl_load
| choke me
| #endif
| 
| int
| main ()
| {
| return shl_load ();
|   ;
|   return 0;
| }
configure:10947: result: no
configure:10951: checking for shl_load in -ldld
configure:10976: gcc -o conftest -g -O2        conftest.c -ldld   >&5
/usr/bin/ld: cannot find -ldld: No such file or directory
collect2: error: ld returned 1 exit status
configure:10976: $? = 1
configure: failed program was:
| /* confdefs.h */
| #define PACKAGE_NAME "bfd"
| #define PACKAGE_TARNAME "bfd"
| #define PACKAGE_VERSION "2.44"
| #define PACKAGE_STRING "bfd 2.44"
| #define PACKAGE_BUGREPORT ""
| #define PACKAGE_URL ""
| #define PACKAGE "bfd"
| #define VERSION "2.44"
| #define STDC_HEADERS 1
| #define HAVE_SYS_TYPES_H 1
| #define HAVE_SYS_STAT_H 1
| #define HAVE_STDLIB_H 1
| #define HAVE_STRING_H 1
| #define HAVE_MEMORY_H 1
| #define HAVE_STRINGS_H 1
| #define HAVE_INTTYPES_H 1
| #define HAVE_STDINT_H 1
| #define HAVE_UNISTD_H 1
| #define __EXTENSIONS__ 1
| #define _ALL_SOURCE 1
| #define _GNU_SOURCE 1
| #define _POSIX_PTHREAD_SEMANTICS 1
| #define _TANDEM_SOURCE 1
| #define HAVE_DLFCN_H 1
| #define LT_OBJDIR ".libs/"
| /* end confdefs.h.  */
| 
| /* Override any GCC internal prototype to avoid an error.
|    Use char because int might match the return type of a GCC
|    builtin and then its argument prototype would still apply.  */
| #ifdef __cplusplus
| extern "C"
| #endif
| char shl_load ();
| int
| main ()
| {
| return shl_load ();
|   ;
|   return 0;
| }
configure:10985: result: no
configure:10990: checking for dlopen
configure:10990: gcc -o conftest -g -O2        conftest.c  >&5
configure:10990: $? = 0
configure:10990: result: yes
configure:11147: checking whether a program can dlopen itself
configure:11227: gcc -o conftest -g -O2      -DHAVE_DLFCN_H   -Wl,--export-dynamic conftest.c   >&5
configure:11230: $? = 0
configure:11248: result: yes
configure:11253: checking whether a statically linked program can dlopen itself
configure:11333: gcc -o conftest -g -O2      -DHAVE_DLFCN_H   -Wl,--export-dynamic -static conftest.c   >&5
/usr/bin/ld: /tmp/ccTFTacD.o: in function `main':
/home/rcarnation/projects/linux-kernel-32bit-x86/cross-compiler/build-binutils/bfd/conftest.c:11313:(.text.startup+0xd): warning: Using 'dlopen' in statically linked applications requires at runtime the shared libraries from the glibc version used for linking
configure:11336: $? = 0
conftest: undefined symbol: _fnord
configure:11354: result: no
configure:11393: checking whether stripping libraries is possible
configure:11398: result: yes
configure:11433: checking if libtool supports shared libraries
configure:11435: result: yes
configure:11438: checking whether to build shared libraries
configure:11459: result: no
configure:11462: checking whether to build static libraries
configure:11466: result: yes
configure:11516: checking for dlfcn.h
configure:11516: result: yes
configure:11529: checking for windows.h
configure:11529: gcc -c -g -O2      conftest.c >&5
conftest.c:63:10: fatal error: windows.h: No such file or directory
   63 | #include <windows.h>
      |          ^~~~~~~~~~~
compilation terminated.
configure:11529: $? = 1
configure: failed program was:
| /* confdefs.h */
| #define PACKAGE_NAME "bfd"
| #define PACKAGE_TARNAME "bfd"
| #define PACKAGE_VERSION "2.44"
| #define PACKAGE_STRING "bfd 2.44"
| #define PACKAGE_BUGREPORT ""
| #define PACKAGE_URL ""
| #define PACKAGE "bfd"
| #define VERSION "2.44"
| #define STDC_HEADERS 1
| #define HAVE_SYS_TYPES_H 1
| #define HAVE_SYS_STAT_H 1
| #define HAVE_STDLIB_H 1
| #define HAVE_STRING_H 1
| #define HAVE_MEMORY_H 1
| #define HAVE_STRINGS_H 1
| #define HAVE_INTTYPES_H 1
| #define HAVE_STDINT_H 1
| #define HAVE_UNISTD_H 1
| #define __EXTENSIONS__ 1
| #define _ALL_SOURCE 1
| #define _GNU_SOURCE 1
| #define _POSIX_PTHREAD_SEMANTICS 1
| #define _TANDEM_SOURCE 1
| #define HAVE_DLFCN_H 1
| #define LT_OBJDIR ".libs/"
| #define HAVE_DLFCN_H 1
| /* end confdefs.h.  */
| #include <stdio.h>
| #ifdef HAVE_SYS_TYPES_H
| # include <sys/types.h>
| #endif
| #ifdef HAVE_SYS_STAT_H
| # include <sys/stat.h>
| #endif
| #ifdef STDC_HEADERS
| # include <stdlib.h>
| # include <stddef.h>
| #else
| # ifdef HAVE_STDLIB_H
| #  include <stdlib.h>
| # endif
| #endif
| #ifdef HAVE_STRING_H
| # if !defined STDC_HEADERS && defined HAVE_MEMORY_H
| #  include <memory.h>
| # endif
| # include <string.h>
| #endif
| #ifdef HAVE_STRINGS_H
| # include <strings.h>
| #endif
| #ifdef HAVE_INTTYPES_H
| # include <inttypes.h>
| #endif
| #ifdef HAVE_STDINT_H
| # include <stdint.h>
| #endif
| #ifdef HAVE_UNISTD_H
| # include <unistd.h>
| #endif
| 
| #include <windows.h>
configure:11529: result: no
configure:11556: checking for library containing dlsym
configure:11587: gcc -o conftest -g -O2        conftest.c  >&5
configure:11587: $? = 0
configure:11604: result: none required
configure:11676: checking for special C compiler options needed for large files
configure:11721: result: no
configure:11727: checking for _FILE_OFFSET_BITS value needed for large files
configure:11752: gcc -c -g -O2      conftest.c >&5
configure:11752: $? = 0
configure:11784: result: no
configure:11939: checking size of void *
configure:11944: gcc -o conftest -g -O2        conftest.c  >&5
configure:11944: $? = 0
configure:11944: ./conftest
configure:11944: $? = 0
configure:11958: result: 8
configure:12313: checking whether to enable maintainer-specific portions of Makefiles
configure:12322: result: no
configure:12358: checking whether to install libbfd
configure:12371: result: no
configure:12401: checking whether byte ordering is bigendian
configure:12416: gcc -c -g -O2      conftest.c >&5
conftest.c:33:16: error: unknown type name 'not'
   33 |                not a universal capable compiler
      |                ^~~
conftest.c:33:22: error: expected '=', ',', ';', 'asm' or '__attribute__' before 'universal'
   33 |                not a universal capable compiler
      |                      ^~~~~~~~~
conftest.c:33:22: error: unknown type name 'universal'
configure:12416: $? = 1
configure: failed program was:
| /* confdefs.h */
| #define PACKAGE_NAME "bfd"
| #define PACKAGE_TARNAME "bfd"
| #define PACKAGE_VERSION "2.44"
| #define PACKAGE_STRING "bfd 2.44"
| #define PACKAGE_BUGREPORT ""
| #define PACKAGE_URL ""
| #define PACKAGE "bfd"
| #define VERSION "2.44"
| #define STDC_HEADERS 1
| #define HAVE_SYS_TYPES_H 1
| #define HAVE_SYS_STAT_H 1
| #define HAVE_STDLIB_H 1
| #define HAVE_STRING_H 1
| #define HAVE_MEMORY_H 1
| #define HAVE_STRINGS_H 1
| #define HAVE_INTTYPES_H 1
| #define HAVE_STDINT_H 1
| #define HAVE_UNISTD_H 1
| #define __EXTENSIONS__ 1
| #define _ALL_SOURCE 1
| #define _GNU_SOURCE 1
| #define _POSIX_PTHREAD_SEMANTICS 1
| #define _TANDEM_SOURCE 1
| #define HAVE_DLFCN_H 1
| #define LT_OBJDIR ".libs/"
| #define HAVE_DLFCN_H 1
| #define SIZEOF_VOID_P 8
| #define USE_SECUREPLT 1
| #define DEFAULT_LD_Z_SEPARATE_CODE 0
| /* end confdefs.h.  */
| #ifndef __APPLE_CC__
| 	       not a universal capable compiler
| 	     #endif
| 	     typedef int dummy;
| 
configure:12461: gcc -c -g -O2      conftest.c >&5
configure:12461: $? = 0
configure:12479: gcc -c -g -O2      conftest.c >&5
conftest.c: In function 'main':
conftest.c:39:18: error: unknown type name 'not'; did you mean 'ino_t'?
   39 |                  not big endian
      |                  ^~~
      |                  ino_t
conftest.c:39:26: error: expected '=', ',', ';', 'asm' or '__attribute__' before 'endian'
   39 |                  not big endian
      |                          ^~~~~~
configure:12479: $? = 1
configure: failed program was:
| /* confdefs.h */
| #define PACKAGE_NAME "bfd"
| #define PACKAGE_TARNAME "bfd"
| #define PACKAGE_VERSION "2.44"
| #define PACKAGE_STRING "bfd 2.44"
| #define PACKAGE_BUGREPORT ""
| #define PACKAGE_URL ""
| #define PACKAGE "bfd"
| #define VERSION "2.44"
| #define STDC_HEADERS 1
| #define HAVE_SYS_TYPES_H 1
| #define HAVE_SYS_STAT_H 1
| #define HAVE_STDLIB_H 1
| #define HAVE_STRING_H 1
| #define HAVE_MEMORY_H 1
| #define HAVE_STRINGS_H 1
| #define HAVE_INTTYPES_H 1
| #define HAVE_STDINT_H 1
| #define HAVE_UNISTD_H 1
| #define __EXTENSIONS__ 1
| #define _ALL_SOURCE 1
| #define _GNU_SOURCE 1
| #define _POSIX_PTHREAD_SEMANTICS 1
| #define _TANDEM_SOURCE 1
| #define HAVE_DLFCN_H 1
| #define LT_OBJDIR ".libs/"
| #define HAVE_DLFCN_H 1
| #define SIZEOF_VOID_P 8
| #define USE_SECUREPLT 1
| #define DEFAULT_LD_Z_SEPARATE_CODE 0
| /* end confdefs.h.  */
| #include <sys/types.h>
| 		#include <sys/param.h>
| 
| int
| main ()
| {
| #if BYTE_ORDER != BIG_ENDIAN
| 		 not big endian
| 		#endif
| 
|   ;
|   return 0;
| }
configure:12607: result: no
configure:12647: checking whether NLS is requested
configure:12656: result: no
configure:12694: checking for msgfmt
configure:12728: result: no
configure:12734: checking for gmsgfmt
configure:12765: result: :
configure:12805: checking for xgettext
configure:12839: result: no
configure:12876: checking for msgmerge
configure:12909: result: no
configure:12981: checking for ld used by GCC
configure:13044: result: ld -m elf_x86_64
configure:13051: checking if the linker (ld -m elf_x86_64) is GNU ld
GNU ld (GNU Binutils for Ubuntu) 2.42
configure:13063: result: yes
configure:13069: checking for shared library run path origin
configure:13082: result: done
configure:13529: checking for CFPreferencesCopyAppValue
configure:13547: gcc -o conftest -g -O2        conftest.c  -Wl,-framework -Wl,CoreFoundation >&5
conftest.c:32:10: fatal error: CoreFoundation/CFPreferences.h: No such file or directory
   32 | #include <CoreFoundation/CFPreferences.h>
      |          ^~~~~~~~~~~~~~~~~~~~~~~~~~~~~~~~
compilation terminated.
configure:13547: $? = 1
configure: failed program was:
| /* confdefs.h */
| #define PACKAGE_NAME "bfd"
| #define PACKAGE_TARNAME "bfd"
| #define PACKAGE_VERSION "2.44"
| #define PACKAGE_STRING "bfd 2.44"
| #define PACKAGE_BUGREPORT ""
| #define PACKAGE_URL ""
| #define PACKAGE "bfd"
| #define VERSION "2.44"
| #define STDC_HEADERS 1
| #define HAVE_SYS_TYPES_H 1
| #define HAVE_SYS_STAT_H 1
| #define HAVE_STDLIB_H 1
| #define HAVE_STRING_H 1
| #define HAVE_MEMORY_H 1
| #define HAVE_STRINGS_H 1
| #define HAVE_INTTYPES_H 1
| #define HAVE_STDINT_H 1
| #define HAVE_UNISTD_H 1
| #define __EXTENSIONS__ 1
| #define _ALL_SOURCE 1
| #define _GNU_SOURCE 1
| #define _POSIX_PTHREAD_SEMANTICS 1
| #define _TANDEM_SOURCE 1
| #define HAVE_DLFCN_H 1
| #define LT_OBJDIR ".libs/"
| #define HAVE_DLFCN_H 1
| #define SIZEOF_VOID_P 8
| #define USE_SECUREPLT 1
| #define DEFAULT_LD_Z_SEPARATE_CODE 0
| /* end confdefs.h.  */
| #include <CoreFoundation/CFPreferences.h>
| int
| main ()
| {
| CFPreferencesCopyAppValue(NULL, NULL)
|   ;
|   return 0;
| }
configure:13556: result: no
configure:13563: checking for CFLocaleCopyPreferredLanguages
configure:13581: gcc -o conftest -g -O2        conftest.c  -Wl,-framework -Wl,CoreFoundation >&5
conftest.c:32:10: fatal error: CoreFoundation/CFLocale.h: No such file or directory
   32 | #include <CoreFoundation/CFLocale.h>
      |          ^~~~~~~~~~~~~~~~~~~~~~~~~~~
compilation terminated.
configure:13581: $? = 1
configure: failed program was:
| /* confdefs.h */
| #define PACKAGE_NAME "bfd"
| #define PACKAGE_TARNAME "bfd"
| #define PACKAGE_VERSION "2.44"
| #define PACKAGE_STRING "bfd 2.44"
| #define PACKAGE_BUGREPORT ""
| #define PACKAGE_URL ""
| #define PACKAGE "bfd"
| #define VERSION "2.44"
| #define STDC_HEADERS 1
| #define HAVE_SYS_TYPES_H 1
| #define HAVE_SYS_STAT_H 1
| #define HAVE_STDLIB_H 1
| #define HAVE_STRING_H 1
| #define HAVE_MEMORY_H 1
| #define HAVE_STRINGS_H 1
| #define HAVE_INTTYPES_H 1
| #define HAVE_STDINT_H 1
| #define HAVE_UNISTD_H 1
| #define __EXTENSIONS__ 1
| #define _ALL_SOURCE 1
| #define _GNU_SOURCE 1
| #define _POSIX_PTHREAD_SEMANTICS 1
| #define _TANDEM_SOURCE 1
| #define HAVE_DLFCN_H 1
| #define LT_OBJDIR ".libs/"
| #define HAVE_DLFCN_H 1
| #define SIZEOF_VOID_P 8
| #define USE_SECUREPLT 1
| #define DEFAULT_LD_Z_SEPARATE_CODE 0
| /* end confdefs.h.  */
| #include <CoreFoundation/CFLocale.h>
| int
| main ()
| {
| CFLocaleCopyPreferredLanguages();
|   ;
|   return 0;
| }
configure:13590: result: no
configure:14470: checking whether to use NLS
configure:14472: result: no
configure:14555: checking whether NLS is requested
configure:14558: result: no
configure:14646: checking for msgfmt
configure:14680: result: no
configure:14686: checking for gmsgfmt
configure:14717: result: :
configure:14757: checking for xgettext
configure:14791: result: no
configure:14828: checking for msgmerge
configure:14861: result: no
configure:14904: checking size of long long
configure:14909: gcc -o conftest -g -O2        conftest.c  >&5
configure:14909: $? = 0
configure:14909: ./conftest
configure:14909: $? = 0
configure:14923: result: 8
configure:14937: checking size of void *
configure:14956: result: 8
configure:14970: checking size of long
configure:14975: gcc -o conftest -g -O2        conftest.c  >&5
configure:14975: $? = 0
configure:14975: ./conftest
configure:14975: $? = 0
configure:14989: result: 8
configure:15003: checking size of int
configure:15008: gcc -o conftest -g -O2        conftest.c  >&5
configure:15008: $? = 0
configure:15008: ./conftest
configure:15008: $? = 0
configure:15022: result: 4
configure:15079: checking fcntl.h usability
configure:15079: gcc -c -g -O2      conftest.c >&5
configure:15079: $? = 0
configure:15079: result: yes
configure:15079: checking fcntl.h presence
configure:15079: gcc -E  conftest.c
configure:15079: $? = 0
configure:15079: result: yes
configure:15079: checking for fcntl.h
configure:15079: result: yes
configure:15079: checking sys/file.h usability
configure:15079: gcc -c -g -O2      conftest.c >&5
configure:15079: $? = 0
configure:15079: result: yes
configure:15079: checking sys/file.h presence
configure:15079: gcc -E  conftest.c
configure:15079: $? = 0
configure:15079: result: yes
configure:15079: checking for sys/file.h
configure:15079: result: yes
configure:15079: checking sys/resource.h usability
configure:15079: gcc -c -g -O2      conftest.c >&5
configure:15079: $? = 0
configure:15079: result: yes
configure:15079: checking sys/resource.h presence
configure:15079: gcc -E  conftest.c
configure:15079: $? = 0
configure:15079: result: yes
configure:15079: checking for sys/resource.h
configure:15079: result: yes
configure:15079: checking for sys/stat.h
configure:15079: result: yes
configure:15079: checking for sys/types.h
configure:15079: result: yes
configure:15079: checking for unistd.h
configure:15079: result: yes
configure:15094: checking for fcntl
configure:15094: gcc -o conftest -g -O2        conftest.c  >&5
configure:15094: $? = 0
configure:15094: result: yes
configure:15094: checking for fdopen
configure:15094: gcc -o conftest -g -O2        conftest.c  >&5
configure:15094: $? = 0
configure:15094: result: yes
configure:15094: checking for fileno
configure:15094: gcc -o conftest -g -O2        conftest.c  >&5
configure:15094: $? = 0
configure:15094: result: yes
configure:15094: checking for fls
configure:15094: gcc -o conftest -g -O2        conftest.c  >&5
/usr/bin/ld: /tmp/ccsV2ss4.o: in function `main':
/home/rcarnation/projects/linux-kernel-32bit-x86/cross-compiler/build-binutils/bfd/conftest.c:79:(.text.startup+0xb): undefined reference to `fls'
collect2: error: ld returned 1 exit status
configure:15094: $? = 1
configure: failed program was:
| /* confdefs.h */
| #define PACKAGE_NAME "bfd"
| #define PACKAGE_TARNAME "bfd"
| #define PACKAGE_VERSION "2.44"
| #define PACKAGE_STRING "bfd 2.44"
| #define PACKAGE_BUGREPORT ""
| #define PACKAGE_URL ""
| #define PACKAGE "bfd"
| #define VERSION "2.44"
| #define STDC_HEADERS 1
| #define HAVE_SYS_TYPES_H 1
| #define HAVE_SYS_STAT_H 1
| #define HAVE_STDLIB_H 1
| #define HAVE_STRING_H 1
| #define HAVE_MEMORY_H 1
| #define HAVE_STRINGS_H 1
| #define HAVE_INTTYPES_H 1
| #define HAVE_STDINT_H 1
| #define HAVE_UNISTD_H 1
| #define __EXTENSIONS__ 1
| #define _ALL_SOURCE 1
| #define _GNU_SOURCE 1
| #define _POSIX_PTHREAD_SEMANTICS 1
| #define _TANDEM_SOURCE 1
| #define HAVE_DLFCN_H 1
| #define LT_OBJDIR ".libs/"
| #define HAVE_DLFCN_H 1
| #define SIZEOF_VOID_P 8
| #define USE_SECUREPLT 1
| #define DEFAULT_LD_Z_SEPARATE_CODE 0
| #define SIZEOF_LONG_LONG 8
| #define SIZEOF_VOID_P 8
| #define SIZEOF_LONG 8
| #define SIZEOF_INT 4
| #define HAVE_FCNTL_H 1
| #define HAVE_SYS_FILE_H 1
| #define HAVE_SYS_RESOURCE_H 1
| #define HAVE_SYS_STAT_H 1
| #define HAVE_SYS_TYPES_H 1
| #define HAVE_UNISTD_H 1
| #define HAVE_FCNTL 1
| #define HAVE_FDOPEN 1
| #define HAVE_FILENO 1
| /* end confdefs.h.  */
| /* Define fls to an innocuous variant, in case <limits.h> declares fls.
|    For example, HP-UX 11i <limits.h> declares gettimeofday.  */
| #define fls innocuous_fls
| 
| /* System header to define __stub macros and hopefully few prototypes,
|     which can conflict with char fls (); below.
|     Prefer <limits.h> to <assert.h> if __STDC__ is defined, since
|     <limits.h> exists even on freestanding compilers.  */
| 
| #ifdef __STDC__
| # include <limits.h>
| #else
| # include <assert.h>
| #endif
| 
| #undef fls
| 
| /* Override any GCC internal prototype to avoid an error.
|    Use char because int might match the return type of a GCC
|    builtin and then its argument prototype would still apply.  */
| #ifdef __cplusplus
| extern "C"
| #endif
| char fls ();
| /* The GNU C library defines this for functions which it implements
|     to always fail with ENOSYS.  Some functions are actually named
|     something starting with __ and the normal name is an alias.  */
| #if defined __stub_fls || defined __stub___fls
| choke me
| #endif
| 
| int
| main ()
| {
| return fls ();
|   ;
|   return 0;
| }
configure:15094: result: no
configure:15094: checking for getgid
configure:15094: gcc -o conftest -g -O2        conftest.c  >&5
configure:15094: $? = 0
configure:15094: result: yes
configure:15094: checking for getpagesize
configure:15094: gcc -o conftest -g -O2        conftest.c  >&5
configure:15094: $? = 0
configure:15094: result: yes
configure:15094: checking for getrlimit
configure:15094: gcc -o conftest -g -O2        conftest.c  >&5
configure:15094: $? = 0
configure:15094: result: yes
configure:15094: checking for getuid
configure:15094: gcc -o conftest -g -O2        conftest.c  >&5
configure:15094: $? = 0
configure:15094: result: yes
configure:15094: checking for sysconf
configure:15094: gcc -o conftest -g -O2        conftest.c  >&5
configure:15094: $? = 0
configure:15094: result: yes
configure:15104: checking whether basename is declared
configure:15104: gcc -c -g -O2      conftest.c >&5
configure:15104: $? = 0
configure:15104: result: yes
configure:15114: checking whether ffs is declared
configure:15114: gcc -c -g -O2      conftest.c >&5
configure:15114: $? = 0
configure:15114: result: yes
configure:15124: checking whether stpcpy is declared
configure:15124: gcc -c -g -O2      conftest.c >&5
configure:15124: $? = 0
configure:15124: result: yes
configure:15134: checking whether asprintf is declared
configure:15134: gcc -c -g -O2      conftest.c >&5
configure:15134: $? = 0
configure:15134: result: yes
configure:15144: checking whether vasprintf is declared
configure:15144: gcc -c -g -O2      conftest.c >&5
configure:15144: $? = 0
configure:15144: result: yes
configure:15154: checking whether strnlen is declared
configure:15154: gcc -c -g -O2      conftest.c >&5
configure:15154: $? = 0
configure:15154: result: yes
configure:15165: checking whether ___lc_codepage_func is declared
configure:15165: gcc -c -g -O2      conftest.c >&5
conftest.c: In function 'main':
conftest.c:65:10: error: '___lc_codepage_func' undeclared (first use in this function)
   65 |   (void) ___lc_codepage_func;
      |          ^~~~~~~~~~~~~~~~~~~
conftest.c:65:10: note: each undeclared identifier is reported only once for each function it appears in
configure:15165: $? = 1
configure: failed program was:
| /* confdefs.h */
| #define PACKAGE_NAME "bfd"
| #define PACKAGE_TARNAME "bfd"
| #define PACKAGE_VERSION "2.44"
| #define PACKAGE_STRING "bfd 2.44"
| #define PACKAGE_BUGREPORT ""
| #define PACKAGE_URL ""
| #define PACKAGE "bfd"
| #define VERSION "2.44"
| #define STDC_HEADERS 1
| #define HAVE_SYS_TYPES_H 1
| #define HAVE_SYS_STAT_H 1
| #define HAVE_STDLIB_H 1
| #define HAVE_STRING_H 1
| #define HAVE_MEMORY_H 1
| #define HAVE_STRINGS_H 1
| #define HAVE_INTTYPES_H 1
| #define HAVE_STDINT_H 1
| #define HAVE_UNISTD_H 1
| #define __EXTENSIONS__ 1
| #define _ALL_SOURCE 1
| #define _GNU_SOURCE 1
| #define _POSIX_PTHREAD_SEMANTICS 1
| #define _TANDEM_SOURCE 1
| #define HAVE_DLFCN_H 1
| #define LT_OBJDIR ".libs/"
| #define HAVE_DLFCN_H 1
| #define SIZEOF_VOID_P 8
| #define USE_SECUREPLT 1
| #define DEFAULT_LD_Z_SEPARATE_CODE 0
| #define SIZEOF_LONG_LONG 8
| #define SIZEOF_VOID_P 8
| #define SIZEOF_LONG 8
| #define SIZEOF_INT 4
| #define HAVE_FCNTL_H 1
| #define HAVE_SYS_FILE_H 1
| #define HAVE_SYS_RESOURCE_H 1
| #define HAVE_SYS_STAT_H 1
| #define HAVE_SYS_TYPES_H 1
| #define HAVE_UNISTD_H 1
| #define HAVE_FCNTL 1
| #define HAVE_FDOPEN 1
| #define HAVE_FILENO 1
| #define HAVE_GETGID 1
| #define HAVE_GETPAGESIZE 1
| #define HAVE_GETRLIMIT 1
| #define HAVE_GETUID 1
| #define HAVE_SYSCONF 1
| #define HAVE_DECL_BASENAME 1
| #define HAVE_DECL_FFS 1
| #define HAVE_DECL_STPCPY 1
| #define HAVE_DECL_ASPRINTF 1
| #define HAVE_DECL_VASPRINTF 1
| #define HAVE_DECL_STRNLEN 1
| /* end confdefs.h.  */
| #include <locale.h>
| 
| int
| main ()
| {
| #ifndef ___lc_codepage_func
| #ifdef __cplusplus
|   (void) ___lc_codepage_func;
| #else
|   (void) ___lc_codepage_func;
| #endif
| #endif
| 
|   ;
|   return 0;
| }
configure:15165: result: no
configure:15187: checking for thread local storage (TLS) class
configure:15209: gcc -c -g -O2      conftest.c >&5
conftest.c: In function 'main':
conftest.c:61:21: error: expected ';' before 'int'
   61 | static  thread_local  int bar;
      |                     ^ ~~~
      |                     ;
configure:15209: $? = 1
configure: failed program was:
| /* confdefs.h */
| #define PACKAGE_NAME "bfd"
| #define PACKAGE_TARNAME "bfd"
| #define PACKAGE_VERSION "2.44"
| #define PACKAGE_STRING "bfd 2.44"
| #define PACKAGE_BUGREPORT ""
| #define PACKAGE_URL ""
| #define PACKAGE "bfd"
| #define VERSION "2.44"
| #define STDC_HEADERS 1
| #define HAVE_SYS_TYPES_H 1
| #define HAVE_SYS_STAT_H 1
| #define HAVE_STDLIB_H 1
| #define HAVE_STRING_H 1
| #define HAVE_MEMORY_H 1
| #define HAVE_STRINGS_H 1
| #define HAVE_INTTYPES_H 1
| #define HAVE_STDINT_H 1
| #define HAVE_UNISTD_H 1
| #define __EXTENSIONS__ 1
| #define _ALL_SOURCE 1
| #define _GNU_SOURCE 1
| #define _POSIX_PTHREAD_SEMANTICS 1
| #define _TANDEM_SOURCE 1
| #define HAVE_DLFCN_H 1
| #define LT_OBJDIR ".libs/"
| #define HAVE_DLFCN_H 1
| #define SIZEOF_VOID_P 8
| #define USE_SECUREPLT 1
| #define DEFAULT_LD_Z_SEPARATE_CODE 0
| #define SIZEOF_LONG_LONG 8
| #define SIZEOF_VOID_P 8
| #define SIZEOF_LONG 8
| #define SIZEOF_INT 4
| #define HAVE_FCNTL_H 1
| #define HAVE_SYS_FILE_H 1
| #define HAVE_SYS_RESOURCE_H 1
| #define HAVE_SYS_STAT_H 1
| #define HAVE_SYS_TYPES_H 1
| #define HAVE_UNISTD_H 1
| #define HAVE_FCNTL 1
| #define HAVE_FDOPEN 1
| #define HAVE_FILENO 1
| #define HAVE_GETGID 1
| #define HAVE_GETPAGESIZE 1
| #define HAVE_GETRLIMIT 1
| #define HAVE_GETUID 1
| #define HAVE_SYSCONF 1
| #define HAVE_DECL_BASENAME 1
| #define HAVE_DECL_FFS 1
| #define HAVE_DECL_STPCPY 1
| #define HAVE_DECL_ASPRINTF 1
| #define HAVE_DECL_VASPRINTF 1
| #define HAVE_DECL_STRNLEN 1
| #define HAVE_DECL____LC_CODEPAGE_FUNC 0
| /* end confdefs.h.  */
| #include <stdlib.h>
| int
| main ()
| {
| static  thread_local  int bar;
| 
|   ;
|   return 0;
| }
configure:15209: gcc -c -g -O2      conftest.c >&5
configure:15209: $? = 0
configure:15222: result: _Thread_local
configure:15267: checking for x86_64-pc-linux-gnu-pkg-config
configure:15300: result: no
configure:15310: checking for pkg-config
configure:15343: result: no
configure:15389: checking for libzstd >= 1.4.0
configure:15476: result: no
configure:15500: checking compiler support for hidden visibility
configure:15518: gcc -c -g -O2     -Werror  conftest.c >&5
configure:15518: $? = 0
configure:15525: result: yes
configure:15535: checking linker --as-needed support
configure:15546: result: yes
configure:15637: checking for cos in -lm
configure:15662: gcc -o conftest -g -O2        conftest.c -lm   >&5
conftest.c:66:6: warning: conflicting types for built-in function 'cos'; expected 'double(double)' [-Wbuiltin-declaration-mismatch]
   66 | char cos ();
      |      ^~~
conftest.c:1:1: note: 'cos' is declared in header '<math.h>'
    1 | /* confdefs.h */
configure:15662: $? = 0
configure:15671: result: yes
configure:16177: checking for gcc version with buggy 64-bit support
configure:16190: result: no
configure:17199: checking for ftello
configure:17199: gcc -o conftest -g -O2        conftest.c  >&5
configure:17199: $? = 0
configure:17199: result: yes
configure:17199: checking for ftello64
configure:17199: gcc -o conftest -g -O2        conftest.c  >&5
configure:17199: $? = 0
configure:17199: result: yes
configure:17199: checking for fseeko
configure:17199: gcc -o conftest -g -O2        conftest.c  >&5
configure:17199: $? = 0
configure:17199: result: yes
configure:17199: checking for fseeko64
configure:17199: gcc -o conftest -g -O2        conftest.c  >&5
configure:17199: $? = 0
configure:17199: result: yes
configure:17199: checking for fopen64
configure:17199: gcc -o conftest -g -O2        conftest.c  >&5
configure:17199: $? = 0
configure:17199: result: yes
configure:17208: checking whether ftello is declared
configure:17208: gcc -c -g -O2      conftest.c >&5
configure:17208: $? = 0
configure:17208: result: yes
configure:17218: checking whether ftello64 is declared
configure:17218: gcc -c -g -O2      conftest.c >&5
configure:17218: $? = 0
configure:17218: result: yes
configure:17228: checking whether fseeko is declared
configure:17228: gcc -c -g -O2      conftest.c >&5
configure:17228: $? = 0
configure:17228: result: yes
configure:17238: checking whether fseeko64 is declared
configure:17238: gcc -c -g -O2      conftest.c >&5
configure:17238: $? = 0
configure:17238: result: yes
configure:17248: checking whether fopen64 is declared
configure:17248: gcc -c -g -O2      conftest.c >&5
configure:17248: $? = 0
configure:17248: result: yes
configure:17264: checking size of off_t
configure:17269: gcc -o conftest -g -O2        conftest.c  >&5
configure:17269: $? = 0
configure:17269: ./conftest
configure:17269: $? = 0
configure:17283: result: 8
configure:17294: checking file_ptr type
configure:17303: result: int64_t
configure:17314: checking for stdlib.h
configure:17314: result: yes
configure:17314: checking for unistd.h
configure:17314: result: yes
configure:17314: checking for sys/param.h
configure:17314: gcc -c -g -O2      conftest.c >&5
configure:17314: $? = 0
configure:17314: result: yes
configure:17337: checking for getpagesize
configure:17337: result: yes
configure:17346: checking for working mmap
configure:17493: gcc -o conftest -g -O2        conftest.c  >&5
configure:17493: $? = 0
configure:17493: ./conftest
configure:17493: $? = 0
configure:17503: result: yes
configure:17517: checking for madvise
configure:17517: gcc -o conftest -g -O2        conftest.c  >&5
configure:17517: $? = 0
configure:17517: result: yes
configure:17517: checking for mprotect
configure:17517: gcc -o conftest -g -O2        conftest.c  >&5
configure:17517: $? = 0
configure:17517: result: yes
configure:17600: updating cache ./config.cache
configure:17644: checking that generated files are newer than configure
configure:17650: result: done
configure:17694: creating ./config.status

## ---------------------- ##
## Running config.status. ##
## ---------------------- ##

This file was extended by bfd config.status 2.44, which was
generated by GNU Autoconf 2.69.  Invocation command line was

  CONFIG_FILES    = 
  CONFIG_HEADERS  = 
  CONFIG_LINKS    = 
  CONFIG_COMMANDS = 
  $ ./config.status 

on DESKTOP-T5N9BCO

config.status:1220: creating Makefile
config.status:1220: creating bfd-in3.h
config.status:1220: creating po/Makefile.in
config.status:1220: creating config.h
config.status:1434: executing depfiles commands
config.status:1434: executing libtool commands
config.status:1434: executing default-1 commands
config.status:1434: executing default-2 commands
config.status:1434: executing default commands

## ---------------- ##
## Cache variables. ##
## ---------------- ##

ac_cv_build=x86_64-pc-linux-gnu
ac_cv_c_bigendian=no
ac_cv_c_compiler_gnu=yes
ac_cv_env_CC_set=set
ac_cv_env_CC_value=gcc
ac_cv_env_CFLAGS_set=set
ac_cv_env_CFLAGS_value='-g -O2    '
ac_cv_env_CPPFLAGS_set=
ac_cv_env_CPPFLAGS_value=
ac_cv_env_CPP_set=
ac_cv_env_CPP_value=
ac_cv_env_LDFLAGS_set=set
ac_cv_env_LDFLAGS_value=' '
ac_cv_env_LIBS_set=
ac_cv_env_LIBS_value=
ac_cv_env_PKG_CONFIG_LIBDIR_set=
ac_cv_env_PKG_CONFIG_LIBDIR_value=
ac_cv_env_PKG_CONFIG_PATH_set=set
ac_cv_env_PKG_CONFIG_PATH_value=
ac_cv_env_PKG_CONFIG_set=
ac_cv_env_PKG_CONFIG_value=
ac_cv_env_ZSTD_CFLAGS_set=
ac_cv_env_ZSTD_CFLAGS_value=
ac_cv_env_ZSTD_LIBS_set=
ac_cv_env_ZSTD_LIBS_value=
ac_cv_env_build_alias_set=set
ac_cv_env_build_alias_value=x86_64-pc-linux-gnu
ac_cv_env_host_alias_set=set
ac_cv_env_host_alias_value=x86_64-pc-linux-gnu
ac_cv_env_target_alias_set=set
ac_cv_env_target_alias_value=i686-elf
ac_cv_func_dlopen=yes
ac_cv_func_fcntl=yes
ac_cv_func_fdopen=yes
ac_cv_func_fileno=yes
ac_cv_func_fls=no
ac_cv_func_fopen64=yes
ac_cv_func_fseeko64=yes
ac_cv_func_fseeko=yes
ac_cv_func_ftello64=yes
ac_cv_func_ftello=yes
ac_cv_func_getgid=yes
ac_cv_func_getpagesize=yes
ac_cv_func_getrlimit=yes
ac_cv_func_getuid=yes
ac_cv_func_madvise=yes
ac_cv_func_mmap_fixed_mapped=yes
ac_cv_func_mprotect=yes
ac_cv_func_shl_load=no
ac_cv_func_sysconf=yes
ac_cv_have_decl____lc_codepage_func=no
ac_cv_have_decl_asprintf=yes
ac_cv_have_decl_basename=yes
ac_cv_have_decl_ffs=yes
ac_cv_have_decl_fopen64=yes
ac_cv_have_decl_fseeko64=yes
ac_cv_have_decl_fseeko=yes
ac_cv_have_decl_ftello64=yes
ac_cv_have_decl_ftello=yes
ac_cv_have_decl_stpcpy=yes
ac_cv_have_decl_strnlen=yes
ac_cv_have_decl_vasprintf=yes
ac_cv_header_dlfcn_h=yes
ac_cv_header_fcntl_h=yes
ac_cv_header_inttypes_h=yes
ac_cv_header_memory_h=yes
ac_cv_header_minix_config_h=no
ac_cv_header_stdc=yes
ac_cv_header_stdint_h=yes
ac_cv_header_stdlib_h=yes
ac_cv_header_string_h=yes
ac_cv_header_strings_h=yes
ac_cv_header_sys_file_h=yes
ac_cv_header_sys_param_h=yes
ac_cv_header_sys_resource_h=yes
ac_cv_header_sys_stat_h=yes
ac_cv_header_sys_types_h=yes
ac_cv_header_unistd_h=yes
ac_cv_header_windows_h=no
ac_cv_host=x86_64-pc-linux-gnu
ac_cv_lib_dld_shl_load=no
ac_cv_lib_m_cos=yes
ac_cv_objext=o
ac_cv_path_EGREP='/usr/bin/grep -E'
ac_cv_path_FGREP='/usr/bin/grep -F'
ac_cv_path_GMSGFMT=:
ac_cv_path_GREP=/usr/bin/grep
ac_cv_path_MSGFMT=:
ac_cv_path_MSGMERGE=:
ac_cv_path_SED=/usr/bin/sed
ac_cv_path_XGETTEXT=:
ac_cv_path_mkdir=/usr/bin/mkdir
ac_cv_prog_AR='ar --plugin /usr/libexec/gcc/x86_64-linux-gnu/13/liblto_plugin.so'
ac_cv_prog_AWK=gawk
ac_cv_prog_CC=gcc
ac_cv_prog_CPP='gcc -E'
ac_cv_prog_OBJDUMP=objdump
ac_cv_prog_RANLIB='ranlib --plugin /usr/libexec/gcc/x86_64-linux-gnu/13/liblto_plugin.so'
ac_cv_prog_ac_ct_STRIP=strip
ac_cv_prog_cc_c89=
ac_cv_prog_cc_g=yes
ac_cv_prog_make_make_set=yes
ac_cv_safe_to_define___extensions__=yes
ac_cv_search_dlsym='none required'
ac_cv_sizeof_int=4
ac_cv_sizeof_long=8
ac_cv_sizeof_long_long=8
ac_cv_sizeof_off_t=8
ac_cv_sizeof_void_p=8
ac_cv_sys_file_offset_bits=no
ac_cv_sys_largefile_CC=no
ac_cv_target=i686-pc-elf
ac_cv_tls=_Thread_local
acl_cv_hardcode_direct=no
acl_cv_hardcode_libdir_flag_spec='${wl}-rpath ${wl}$libdir'
acl_cv_hardcode_libdir_separator=
acl_cv_hardcode_minus_L=no
acl_cv_libext=a
acl_cv_path_LD='ld -m elf_x86_64'
acl_cv_prog_gnu_ld=yes
acl_cv_rpath=done
acl_cv_shlibext=so
acl_cv_wl=-Wl,
am_cv_CC_dependencies_compiler_type=gcc3
am_cv_make_support_nested_variables=yes
am_cv_prog_cc_c_o=yes
bfd_cv_hidden=yes
bfd_cv_ld_as_needed=yes
gt_cv_func_CFLocaleCopyPreferredLanguages=no
gt_cv_func_CFPreferencesCopyAppValue=no
lt_cv_deplibs_check_method=pass_all
lt_cv_dlopen=dlopen
lt_cv_dlopen_libs=
lt_cv_dlopen_self=yes
lt_cv_dlopen_self_static=no
lt_cv_file_magic_cmd='$MAGIC_CMD'
lt_cv_file_magic_test_file=
lt_cv_ld_reload_flag=-r
lt_cv_nm_interface='BSD nm'
lt_cv_objdir=.libs
lt_cv_path_LD=ld
lt_cv_path_NM='/usr/bin/nm -B'
lt_cv_prog_compiler_c_o=yes
lt_cv_prog_compiler_pic_works=yes
lt_cv_prog_compiler_rtti_exceptions=no
lt_cv_prog_compiler_static_works=yes
lt_cv_prog_gnu_ld=yes
lt_cv_shlibpath_overrides_runpath=yes
lt_cv_sys_global_symbol_pipe='sed -n -e '\''s/^.*[	 ]\([ABCDGIRSTW][ABCDGIRSTW]*\)[	 ][	 ]*\([_A-Za-z][_A-Za-z0-9]*\)$/\1 \2 \2/p'\'''
lt_cv_sys_global_symbol_to_c_name_address='sed -n -e '\''s/^: \([^ ]*\) $/  {\"\1\", (void *) 0},/p'\'' -e '\''s/^[ABCDGIRSTW]* \([^ ]*\) \([^ ]*\)$/  {"\2", (void *) \&\2},/p'\'''
lt_cv_sys_global_symbol_to_c_name_address_lib_prefix='sed -n -e '\''s/^: \([^ ]*\) $/  {\"\1\", (void *) 0},/p'\'' -e '\''s/^[ABCDGIRSTW]* \([^ ]*\) \(lib[^ ]*\)$/  {"\2", (void *) \&\2},/p'\'' -e '\''s/^[ABCDGIRSTW]* \([^ ]*\) \([^ ]*\)$/  {"lib\2", (void *) \&\2},/p'\'''
lt_cv_sys_global_symbol_to_cdecl='sed -n -e '\''s/^T .* \(.*\)$/extern int \1();/p'\'' -e '\''s/^[ABCDGIRSTW]* .* \(.*\)$/extern char \1;/p'\'''
lt_cv_sys_max_cmd_len=1572864

## ----------------- ##
## Output variables. ##
## ----------------- ##

ACLOCAL='${SHELL} /home/rcarnation/projects/linux-kernel-32bit-x86/cross-compiler/src/binutils-2.44/missing aclocal-1.15'
AMDEPBACKSLASH='\'
AMDEP_FALSE='#'
AMDEP_TRUE=''
AMTAR='$${TAR-tar}'
AM_BACKSLASH='\'
AM_DEFAULT_V='$(AM_DEFAULT_VERBOSITY)'
AM_DEFAULT_VERBOSITY='0'
AM_V='$(V)'
AR='ar --plugin /usr/libexec/gcc/x86_64-linux-gnu/13/liblto_plugin.so --plugin /usr/libexec/gcc/x86_64-linux-gnu/13/liblto_plugin.so'
AUTOCONF='${SHELL} /home/rcarnation/projects/linux-kernel-32bit-x86/cross-compiler/src/binutils-2.44/missing autoconf'
AUTOHEADER='${SHELL} /home/rcarnation/projects/linux-kernel-32bit-x86/cross-compiler/src/binutils-2.44/missing autoheader'
AUTOMAKE='${SHELL} /home/rcarnation/projects/linux-kernel-32bit-x86/cross-compiler/src/binutils-2.44/missing automake-1.15'
AWK='gawk'
CATALOGS=''
CATOBJEXT=''
CC='gcc'
CCDEPMODE='depmode=gcc3'
CC_FOR_BUILD='gcc'
CFLAGS='-g -O2    '
COREFILE=''
COREFLAG=''
CPP='gcc -E'
CPPFLAGS=''
CYGPATH_W='echo'
DATADIRNAME=''
DEBUGDIR='${exec_prefix}/lib/debug'
DEFS='-DHAVE_CONFIG_H'
DEPDIR='.deps'
DSYMUTIL='dsymutil'
DUMPBIN=''
ECHO_C=''
ECHO_N='-n'
ECHO_T=''
EGREP='/usr/bin/grep -E'
ENABLE_BFD_64_BIT_FALSE='#'
ENABLE_BFD_64_BIT_TRUE=''
EXEEXT=''
EXEEXT_FOR_BUILD='$(EXEEXT)'
FGREP='/usr/bin/grep -F'
GENCAT=''
GENINSRC_NEVER_FALSE=''
GENINSRC_NEVER_TRUE='#'
GMSGFMT=':'
GREP='/usr/bin/grep'
HDEFINES=''
INCINTL=''
INSTALL_DATA='/usr/bin/install -c -m 644'
INSTALL_LIBBFD_FALSE=''
INSTALL_LIBBFD_TRUE='#'
INSTALL_PROGRAM='/usr/bin/install -c'
INSTALL_SCRIPT='/usr/bin/install -c'
INSTALL_STRIP_PROGRAM='$(install_sh) -c -s'
INSTOBJEXT=''
INTLLIBS=''
INTL_MACOSX_LIBS=''
LARGEFILE_CPPFLAGS=''
LD='ld -m elf_x86_64'
LDFLAGS=' '
LIBICONV='-liconv'
LIBINTL=''
LIBINTL_DEP=''
LIBM='-lm'
LIBOBJS=''
LIBS=''
LIBTOOL='$(SHELL) $(top_builddir)/libtool'
LIPO=''
LN_S='ln -s'
LTLIBICONV='-liconv'
LTLIBINTL=''
LTLIBOBJS=''
MAINT='#'
MAINTAINER_MODE_FALSE=''
MAINTAINER_MODE_TRUE='#'
MAKEINFO='makeinfo --split-size=5000000'
MKDIR_P='/usr/bin/mkdir -p'
MKINSTALLDIRS='$(top_builddir)/../../src/binutils-2.44/bfd/../mkinstalldirs'
MSGFMT=':'
MSGMERGE=':'
NM='/usr/bin/nm -B'
NMEDIT=''
NO_WERROR=''
OBJDUMP='objdump'
OBJEXT='o'
OTOOL64=''
OTOOL='otool'
PACKAGE='bfd'
PACKAGE_BUGREPORT=''
PACKAGE_NAME='bfd'
PACKAGE_STRING='bfd 2.44'
PACKAGE_TARNAME='bfd'
PACKAGE_URL=''
PACKAGE_VERSION='2.44'
PATH_SEPARATOR=':'
PKGVERSION='(GNU Binutils) '
PKG_CONFIG=''
PKG_CONFIG_LIBDIR=''
PKG_CONFIG_PATH=''
PLUGINS_FALSE='#'
PLUGINS_TRUE=''
POSUB=''
RANLIB='ranlib --plugin /usr/libexec/gcc/x86_64-linux-gnu/13/liblto_plugin.so --plugin /usr/libexec/gcc/x86_64-linux-gnu/13/liblto_plugin.so'
REPORT_BUGS_TEXI='@uref{https://sourceware.org/bugzilla/}'
REPORT_BUGS_TO='<https://sourceware.org/bugzilla/>'
SED='/usr/bin/sed'
SET_MAKE=''
SHARED_LDFLAGS=''
SHARED_LIBADD=' '
SHELL='/bin/bash'
STRIP='strip'
TDEFINES=' '
USE_NLS='no'
VERSION='2.44'
WARN_CFLAGS='-W -Wall -Wstrict-prototypes -Wmissing-prototypes -Wshadow -Wstack-usage=262144'
WARN_CFLAGS_FOR_BUILD='-W -Wall -Wstrict-prototypes -Wmissing-prototypes -Wshadow -Wstack-usage=262144'
WARN_WRITE_STRINGS='-Wwrite-strings'
XGETTEXT=':'
ZSTD_CFLAGS=''
ZSTD_LIBS=''
ac_ct_CC=''
ac_ct_DUMPBIN=''
all_backends='$(BFD64_BACKENDS) $(BFD32_BACKENDS)'
am__EXEEXT_FALSE=''
am__EXEEXT_TRUE='#'
am__fastdepCC_FALSE='#'
am__fastdepCC_TRUE=''
am__include='include'
am__isrc=' -I$(srcdir)'
am__leading_dot='.'
am__nodep='_no'
am__quote=''
am__tar='$${TAR-tar} chof - "$$tardir"'
am__untar='$${TAR-tar} xf -'
bfd64_libs='$(BFD64_LIBS)'
bfd_backends=' elf32-i386.lo elfxx-x86.lo elf-ifunc.lo elf-vxworks.lo elf32.lo elf.lo elflink.lo elf-attrs.lo elf-strtab.lo elf-eh-frame.lo elf-sframe.lo dwarf1.lo dwarf2.lo coff-i386.lo cofflink.lo coffgen.lo elf32-gen.lo plugin.lo'
bfd_default_target_size='32'
bfd_file_ptr='int64_t'
bfd_machines=' cpu-i386.lo cpu-iamcu.lo'
bfd_ufile_ptr='uint64_t'
bfdincludedir='$(exec_prefix)/$(host_noncanonical)/$(target_noncanonical)/include'
bfdlibdir='$(exec_prefix)/$(host_noncanonical)/$(target_noncanonical)/lib'
bindir='${exec_prefix}/bin'
build='x86_64-pc-linux-gnu'
build_alias='x86_64-pc-linux-gnu'
build_cpu='x86_64'
build_os='linux-gnu'
build_vendor='pc'
datadir='${datarootdir}'
datarootdir='${prefix}/share'
docdir='${datarootdir}/doc/${PACKAGE_TARNAME}'
dvidir='${docdir}'
exec_prefix='${prefix}'
havevecs='-DHAVE_i386_elf32_vec -DHAVE_iamcu_elf32_vec -DHAVE_i386_coff_vec -DHAVE_elf32_le_vec -DHAVE_elf32_be_vec'
host='x86_64-pc-linux-gnu'
host_alias='x86_64-pc-linux-gnu'
host_cpu='x86_64'
host_noncanonical='x86_64-pc-linux-gnu'
host_os='linux-gnu'
host_vendor='pc'
htmldir='${docdir}'
includedir='${prefix}/include'
infodir='${datarootdir}/info'
install_sh='${SHELL} /home/rcarnation/projects/linux-kernel-32bit-x86/cross-compiler/src/binutils-2.44/install-sh'
libdir='${exec_prefix}/lib'
libexecdir='${exec_prefix}/libexec'
localedir='${datarootdir}/locale'
localstatedir='${prefix}/var'
lt_cv_dlopen_libs=''
mandir='${datarootdir}/man'
mkdir_p='$(MKDIR_P)'
oldincludedir='/usr/include'
pdfdir='${docdir}'
prefix='/home/rcarnation/opt/cross'
program_transform_name='s&^&i686-elf-&'
psdir='${docdir}'
sbindir='${exec_prefix}/sbin'
sharedstatedir='${prefix}/com'
supports_plugins='1'
sysconfdir='${prefix}/etc'
target='i686-pc-elf'
target_alias='i686-elf'
target_cpu='i686'
target_noncanonical='i686-elf'
target_os='elf'
target_vendor='pc'
tdefaults=' -DDEFAULT_VECTOR=i386_elf32_vec -DSELECT_VECS='\''&i386_elf32_vec,&iamcu_elf32_vec,&i386_coff_vec,&elf32_le_vec,&elf32_be_vec'\'' -DSELECT_ARCHITECTURES='\''&bfd_i386_arch,&bfd_iamcu_arch'\'''
wordsize='64'
zlibdir='-L$(top_builddir)/../zlib'
zlibinc='-I$(top_srcdir)/../zlib'

## ----------- ##
## confdefs.h. ##
## ----------- ##

/* confdefs.h */
#define PACKAGE_NAME "bfd"
#define PACKAGE_TARNAME "bfd"
#define PACKAGE_VERSION "2.44"
#define PACKAGE_STRING "bfd 2.44"
#define PACKAGE_BUGREPORT ""
#define PACKAGE_URL ""
#define PACKAGE "bfd"
#define VERSION "2.44"
#define STDC_HEADERS 1
#define HAVE_SYS_TYPES_H 1
#define HAVE_SYS_STAT_H 1
#define HAVE_STDLIB_H 1
#define HAVE_STRING_H 1
#define HAVE_MEMORY_H 1
#define HAVE_STRINGS_H 1
#define HAVE_INTTYPES_H 1
#define HAVE_STDINT_H 1
#define HAVE_UNISTD_H 1
#define __EXTENSIONS__ 1
#define _ALL_SOURCE 1
#define _GNU_SOURCE 1
#define _POSIX_PTHREAD_SEMANTICS 1
#define _TANDEM_SOURCE 1
#define HAVE_DLFCN_H 1
#define LT_OBJDIR ".libs/"
#define HAVE_DLFCN_H 1
#define SIZEOF_VOID_P 8
#define USE_SECUREPLT 1
#define DEFAULT_LD_Z_SEPARATE_CODE 0
#define SIZEOF_LONG_LONG 8
#define SIZEOF_VOID_P 8
#define SIZEOF_LONG 8
#define SIZEOF_INT 4
#define HAVE_FCNTL_H 1
#define HAVE_SYS_FILE_H 1
#define HAVE_SYS_RESOURCE_H 1
#define HAVE_SYS_STAT_H 1
#define HAVE_SYS_TYPES_H 1
#define HAVE_UNISTD_H 1
#define HAVE_FCNTL 1
#define HAVE_FDOPEN 1
#define HAVE_FILENO 1
#define HAVE_GETGID 1
#define HAVE_GETPAGESIZE 1
#define HAVE_GETRLIMIT 1
#define HAVE_GETUID 1
#define HAVE_SYSCONF 1
#define HAVE_DECL_BASENAME 1
#define HAVE_DECL_FFS 1
#define HAVE_DECL_STPCPY 1
#define HAVE_DECL_ASPRINTF 1
#define HAVE_DECL_VASPRINTF 1
#define HAVE_DECL_STRNLEN 1
#define HAVE_DECL____LC_CODEPAGE_FUNC 0
#define TLS _Thread_local
#define HAVE_HIDDEN 1
#define HAVE_FTELLO 1
#define HAVE_FTELLO64 1
#define HAVE_FSEEKO 1
#define HAVE_FSEEKO64 1
#define HAVE_FOPEN64 1
#define HAVE_DECL_FTELLO 1
#define HAVE_DECL_FTELLO64 1
#define HAVE_DECL_FSEEKO 1
#define HAVE_DECL_FSEEKO64 1
#define HAVE_DECL_FOPEN64 1
#define SIZEOF_OFF_T 8
#define HAVE_STDLIB_H 1
#define HAVE_UNISTD_H 1
#define HAVE_SYS_PARAM_H 1
#define HAVE_GETPAGESIZE 1
#define HAVE_MMAP 1
#define HAVE_MADVISE 1
#define HAVE_MPROTECT 1
#define USE_MMAP 1

configure: exit 0

## ---------------------- ##
## Running config.status. ##
## ---------------------- ##

This file was extended by bfd config.status 2.44, which was
generated by GNU Autoconf 2.69.  Invocation command line was

  CONFIG_FILES    = po/Makefile.in:po/Make-in
  CONFIG_HEADERS  = 
  CONFIG_LINKS    = 
  CONFIG_COMMANDS = 
  $ ./config.status 

on DESKTOP-T5N9BCO

config.status:1220: creating po/Makefile.in
config.status:1434: executing depfiles commands
config.status:1434: executing libtool commands
config.status:1434: executing default-1 commands
config.status:1434: executing default-2 commands
config.status:1434: executing default commands
