This file contains any messages produced by compilers while
running configure, to aid debugging if configure makes a mistake.

It was created by libsframe configure BFD_VERSION, which was
generated by GNU Autoconf 2.69.  Invocation command line was

  $ /home/rcarnation/projects/linux-kernel-32bit-x86/cross-compiler/src/binutils-2.44/libsframe/configure --srcdir=../../src/binutils-2.44/libsframe --cache-file=./config.cache --with-gnu-as --with-gnu-ld --prefix=/home/rcarnation/opt/cross --with-sysroot --disable-nls --disable-werro --program-transform-name=s&^&i686-elf-& --disable-option-checking --disable-year2038 --build=x86_64-pc-linux-gnu --host=x86_64-pc-linux-gnu --target=i686-elf

## --------- ##
## Platform. ##
## --------- ##

hostname = DESKTOP-T5N9BCO
uname -m = x86_64
uname -r = 5.15.167.4-microsoft-standard-WSL2
uname -s = Linux
uname -v = #1 SMP Tue Nov 5 00:21:55 UTC 2024

/usr/bin/uname -p = x86_64
/bin/uname -X     = unknown

/bin/arch              = x86_64
/usr/bin/arch -k       = unknown
/usr/convex/getsysinfo = unknown
/usr/bin/hostinfo      = unknown
/bin/machine           = unknown
/usr/bin/oslevel       = unknown
/bin/universe          = unknown

PATH: /usr/local/sbin
PATH: /usr/local/bin
PATH: /usr/sbin
PATH: /usr/bin
PATH: /sbin
PATH: /bin
PATH: /usr/games
PATH: /usr/local/games
PATH: /usr/lib/wsl/lib
PATH: /mnt/c/Program Files/WindowsApps/MicrosoftCorporationII.WindowsSubsystemForLinux_2.4.11.0_x64__8wekyb3d8bbwe
PATH: /mnt/c/Program Files (x86)/Common Files/Intel/Shared Libraries/redist/intel64/compiler
PATH: /mnt/c/Program Files/Common Files/Oracle/Java/javapath
PATH: /mnt/c/Windows/system32
PATH: /mnt/c/Windows
PATH: /mnt/c/Windows/System32/Wbem
PATH: /mnt/c/Windows/System32/WindowsPowerShell/v1.0/
PATH: /mnt/c/Windows/System32/OpenSSH/
PATH: /mnt/c/Program Files/NVIDIA Corporation/NVIDIA NvDLISR
PATH: /mnt/c/Program Files/Java/pj2.jar
PATH: /mnt/c/Program Files/dotnet/
PATH: /mnt/c/Program Files/Microsoft SQL Server/120/Tools/Binn/
PATH: /mnt/c/Program Files/Java/jdk-17.0.2/bin/`
PATH: /mnt/c/Program Files (x86)/ZeroTier/One/
PATH: /mnt/c/Program Files (x86)/NVIDIA Corporation/PhysX/Common
PATH: /mnt/c/WINDOWS/system32
PATH: /mnt/c/WINDOWS
PATH: /mnt/c/WINDOWS/System32/Wbem
PATH: /mnt/c/WINDOWS/System32/WindowsPowerShell/v1.0/
PATH: /mnt/c/WINDOWS/System32/OpenSSH/
PATH: /mnt/c/xampp/php
PATH: /mnt/c/Users/carna/composer.phar
PATH: /mnt/c/xampp/php/php.exe
PATH: /mnt/c/Program Files/Git/cmd
PATH: /mnt/c/dev/flutter/bin
PATH: /mnt/c/Users/carna/AppData/Local/Programs/Python/Python39/Scripts/
PATH: /mnt/c/Users/carna/AppData/Local/Programs/Python/Python39/
PATH: /mnt/c/Users/carna/AppData/Local/Microsoft/WindowsApps
PATH: /mnt/c/Program Files/JetBrains/PyCharm Community Edition 2020.3.3/bin
PATH: /mnt/c/Program Files/JetBrains/IntelliJ IDEA Community Edition 2020.3.2/bin
PATH: /mnt/c/Users/carna/AppData/Local/Programs/MiKTeX/miktex/bin/x64/
PATH: /mnt/c/Program Files/Java/jdk-17.0.2/bin/server/
PATH: /mnt/c/Program Files/AntiMicroX/bin
PATH: /mnt/c/Users/carna/AppData/Local/Programs/Microsoft VS Code/bin
PATH: /mnt/c/dev/flutter/bin
PATH: /mnt/c/Users/carna/miniconda3/condabin
PATH: /mnt/c/Users/carna/.dotnet/tools
PATH: /snap/bin


## ----------- ##
## Core tests. ##
## ----------- ##

configure:2199: creating cache ./config.cache
configure:2313: checking build system type
configure:2327: result: x86_64-pc-linux-gnu
configure:2347: checking host system type
configure:2360: result: x86_64-pc-linux-gnu
configure:2380: checking target system type
configure:2393: result: i686-pc-elf
configure:2431: checking for x86_64-pc-linux-gnu-gcc
configure:2458: result: gcc
configure:2727: checking for C compiler version
configure:2736: gcc --version >&5
gcc (Ubuntu 13.3.0-6ubuntu2~24.04) 13.3.0
Copyright (C) 2023 Free Software Foundation, Inc.
This is free software; see the source for copying conditions.  There is NO
warranty; not even for MERCHANTABILITY or FITNESS FOR A PARTICULAR PURPOSE.

configure:2747: $? = 0
configure:2736: gcc -v >&5
Using built-in specs.
COLLECT_GCC=gcc
COLLECT_LTO_WRAPPER=/usr/libexec/gcc/x86_64-linux-gnu/13/lto-wrapper
OFFLOAD_TARGET_NAMES=nvptx-none:amdgcn-amdhsa
OFFLOAD_TARGET_DEFAULT=1
Target: x86_64-linux-gnu
Configured with: ../src/configure -v --with-pkgversion='Ubuntu 13.3.0-6ubuntu2~24.04' --with-bugurl=file:///usr/share/doc/gcc-13/README.Bugs --enable-languages=c,ada,c++,go,d,fortran,objc,obj-c++,m2 --prefix=/usr --with-gcc-major-version-only --program-suffix=-13 --program-prefix=x86_64-linux-gnu- --enable-shared --enable-linker-build-id --libexecdir=/usr/libexec --without-included-gettext --enable-threads=posix --libdir=/usr/lib --enable-nls --enable-bootstrap --enable-clocale=gnu --enable-libstdcxx-debug --enable-libstdcxx-time=yes --with-default-libstdcxx-abi=new --enable-libstdcxx-backtrace --enable-gnu-unique-object --disable-vtable-verify --enable-plugin --enable-default-pie --with-system-zlib --enable-libphobos-checking=release --with-target-system-zlib=auto --enable-objc-gc=auto --enable-multiarch --disable-werror --enable-cet --with-arch-32=i686 --with-abi=m64 --with-multilib-list=m32,m64,mx32 --enable-multilib --with-tune=generic --enable-offload-targets=nvptx-none=/build/gcc-13-fG75Ri/gcc-13-13.3.0/debian/tmp-nvptx/usr,amdgcn-amdhsa=/build/gcc-13-fG75Ri/gcc-13-13.3.0/debian/tmp-gcn/usr --enable-offload-defaulted --without-cuda-driver --enable-checking=release --build=x86_64-linux-gnu --host=x86_64-linux-gnu --target=x86_64-linux-gnu --with-build-config=bootstrap-lto-lean --enable-link-serialization=2
Thread model: posix
Supported LTO compression algorithms: zlib zstd
gcc version 13.3.0 (Ubuntu 13.3.0-6ubuntu2~24.04) 
... rest of stderr output deleted ...
configure:2747: $? = 0
configure:2736: gcc -V >&5
gcc: error: unrecognized command-line option '-V'
gcc: fatal error: no input files
compilation terminated.
configure:2747: $? = 1
configure:2736: gcc -qversion >&5
gcc: error: unrecognized command-line option '-qversion'; did you mean '--version'?
gcc: fatal error: no input files
compilation terminated.
configure:2747: $? = 1
configure:2767: checking whether the C compiler works
configure:2789: gcc -g -O2        conftest.c  >&5
configure:2793: $? = 0
configure:2841: result: yes
configure:2844: checking for C compiler default output file name
configure:2846: result: a.out
configure:2852: checking for suffix of executables
configure:2859: gcc -o conftest -g -O2        conftest.c  >&5
configure:2863: $? = 0
configure:2885: result: 
configure:2907: checking whether we are cross compiling
configure:2915: gcc -o conftest -g -O2        conftest.c  >&5
configure:2919: $? = 0
configure:2926: ./conftest
configure:2930: $? = 0
configure:2945: result: no
configure:2950: checking for suffix of object files
configure:2972: gcc -c -g -O2      conftest.c >&5
configure:2976: $? = 0
configure:2997: result: o
configure:3001: checking whether we are using the GNU C compiler
configure:3020: gcc -c -g -O2      conftest.c >&5
configure:3020: $? = 0
configure:3029: result: yes
configure:3038: checking whether gcc accepts -g
configure:3058: gcc -c -g  conftest.c >&5
configure:3058: $? = 0
configure:3099: result: yes
configure:3116: checking for gcc option to accept ISO C89
configure:3179: gcc  -c -g -O2      conftest.c >&5
configure:3179: $? = 0
configure:3192: result: none needed
configure:3217: checking whether gcc understands -c and -o together
configure:3239: gcc -c conftest.c -o conftest2.o
configure:3242: $? = 0
configure:3239: gcc -c conftest.c -o conftest2.o
configure:3242: $? = 0
configure:3254: result: yes
configure:3277: checking how to run the C preprocessor
configure:3308: gcc -E  conftest.c
configure:3308: $? = 0
configure:3322: gcc -E  conftest.c
conftest.c:9:10: fatal error: ac_nonexistent.h: No such file or directory
    9 | #include <ac_nonexistent.h>
      |          ^~~~~~~~~~~~~~~~~~
compilation terminated.
configure:3322: $? = 1
configure: failed program was:
| /* confdefs.h */
| #define PACKAGE_NAME "libsframe"
| #define PACKAGE_TARNAME "libsframe"
| #define PACKAGE_VERSION "BFD_VERSION"
| #define PACKAGE_STRING "libsframe BFD_VERSION"
| #define PACKAGE_BUGREPORT ""
| #define PACKAGE_URL ""
| /* end confdefs.h.  */
| #include <ac_nonexistent.h>
configure:3347: result: gcc -E
configure:3367: gcc -E  conftest.c
configure:3367: $? = 0
configure:3381: gcc -E  conftest.c
conftest.c:9:10: fatal error: ac_nonexistent.h: No such file or directory
    9 | #include <ac_nonexistent.h>
      |          ^~~~~~~~~~~~~~~~~~
compilation terminated.
configure:3381: $? = 1
configure: failed program was:
| /* confdefs.h */
| #define PACKAGE_NAME "libsframe"
| #define PACKAGE_TARNAME "libsframe"
| #define PACKAGE_VERSION "BFD_VERSION"
| #define PACKAGE_STRING "libsframe BFD_VERSION"
| #define PACKAGE_BUGREPORT ""
| #define PACKAGE_URL ""
| /* end confdefs.h.  */
| #include <ac_nonexistent.h>
configure:3410: checking for grep that handles long lines and -e
configure:3468: result: /usr/bin/grep
configure:3473: checking for egrep
configure:3535: result: /usr/bin/grep -E
configure:3540: checking for ANSI C header files
configure:3560: gcc -c -g -O2      conftest.c >&5
configure:3560: $? = 0
configure:3633: gcc -o conftest -g -O2        conftest.c  >&5
configure:3633: $? = 0
configure:3633: ./conftest
configure:3633: $? = 0
configure:3644: result: yes
configure:3657: checking for sys/types.h
configure:3657: gcc -c -g -O2      conftest.c >&5
configure:3657: $? = 0
configure:3657: result: yes
configure:3657: checking for sys/stat.h
configure:3657: gcc -c -g -O2      conftest.c >&5
configure:3657: $? = 0
configure:3657: result: yes
configure:3657: checking for stdlib.h
configure:3657: gcc -c -g -O2      conftest.c >&5
configure:3657: $? = 0
configure:3657: result: yes
configure:3657: checking for string.h
configure:3657: gcc -c -g -O2      conftest.c >&5
configure:3657: $? = 0
configure:3657: result: yes
configure:3657: checking for memory.h
configure:3657: gcc -c -g -O2      conftest.c >&5
configure:3657: $? = 0
configure:3657: result: yes
configure:3657: checking for strings.h
configure:3657: gcc -c -g -O2      conftest.c >&5
configure:3657: $? = 0
configure:3657: result: yes
configure:3657: checking for inttypes.h
configure:3657: gcc -c -g -O2      conftest.c >&5
configure:3657: $? = 0
configure:3657: result: yes
configure:3657: checking for stdint.h
configure:3657: gcc -c -g -O2      conftest.c >&5
configure:3657: $? = 0
configure:3657: result: yes
configure:3657: checking for unistd.h
configure:3657: gcc -c -g -O2      conftest.c >&5
configure:3657: $? = 0
configure:3657: result: yes
configure:3670: checking minix/config.h usability
configure:3670: gcc -c -g -O2      conftest.c >&5
conftest.c:52:10: fatal error: minix/config.h: No such file or directory
   52 | #include <minix/config.h>
      |          ^~~~~~~~~~~~~~~~
compilation terminated.
configure:3670: $? = 1
configure: failed program was:
| /* confdefs.h */
| #define PACKAGE_NAME "libsframe"
| #define PACKAGE_TARNAME "libsframe"
| #define PACKAGE_VERSION "BFD_VERSION"
| #define PACKAGE_STRING "libsframe BFD_VERSION"
| #define PACKAGE_BUGREPORT ""
| #define PACKAGE_URL ""
| #define STDC_HEADERS 1
| #define HAVE_SYS_TYPES_H 1
| #define HAVE_SYS_STAT_H 1
| #define HAVE_STDLIB_H 1
| #define HAVE_STRING_H 1
| #define HAVE_MEMORY_H 1
| #define HAVE_STRINGS_H 1
| #define HAVE_INTTYPES_H 1
| #define HAVE_STDINT_H 1
| #define HAVE_UNISTD_H 1
| /* end confdefs.h.  */
| #include <stdio.h>
| #ifdef HAVE_SYS_TYPES_H
| # include <sys/types.h>
| #endif
| #ifdef HAVE_SYS_STAT_H
| # include <sys/stat.h>
| #endif
| #ifdef STDC_HEADERS
| # include <stdlib.h>
| # include <stddef.h>
| #else
| # ifdef HAVE_STDLIB_H
| #  include <stdlib.h>
| # endif
| #endif
| #ifdef HAVE_STRING_H
| # if !defined STDC_HEADERS && defined HAVE_MEMORY_H
| #  include <memory.h>
| # endif
| # include <string.h>
| #endif
| #ifdef HAVE_STRINGS_H
| # include <strings.h>
| #endif
| #ifdef HAVE_INTTYPES_H
| # include <inttypes.h>
| #endif
| #ifdef HAVE_STDINT_H
| # include <stdint.h>
| #endif
| #ifdef HAVE_UNISTD_H
| # include <unistd.h>
| #endif
| #include <minix/config.h>
configure:3670: result: no
configure:3670: checking minix/config.h presence
configure:3670: gcc -E  conftest.c
conftest.c:19:10: fatal error: minix/config.h: No such file or directory
   19 | #include <minix/config.h>
      |          ^~~~~~~~~~~~~~~~
compilation terminated.
configure:3670: $? = 1
configure: failed program was:
| /* confdefs.h */
| #define PACKAGE_NAME "libsframe"
| #define PACKAGE_TARNAME "libsframe"
| #define PACKAGE_VERSION "BFD_VERSION"
| #define PACKAGE_STRING "libsframe BFD_VERSION"
| #define PACKAGE_BUGREPORT ""
| #define PACKAGE_URL ""
| #define STDC_HEADERS 1
| #define HAVE_SYS_TYPES_H 1
| #define HAVE_SYS_STAT_H 1
| #define HAVE_STDLIB_H 1
| #define HAVE_STRING_H 1
| #define HAVE_MEMORY_H 1
| #define HAVE_STRINGS_H 1
| #define HAVE_INTTYPES_H 1
| #define HAVE_STDINT_H 1
| #define HAVE_UNISTD_H 1
| /* end confdefs.h.  */
| #include <minix/config.h>
configure:3670: result: no
configure:3670: checking for minix/config.h
configure:3670: result: no
configure:3691: checking whether it is safe to define __EXTENSIONS__
configure:3709: gcc -c -g -O2      conftest.c >&5
configure:3709: $? = 0
configure:3716: result: yes
configure:3746: checking for a BSD-compatible install
configure:3814: result: /usr/bin/install -c
configure:3825: checking whether build environment is sane
configure:3880: result: yes
configure:4028: checking for a thread-safe mkdir -p
configure:4067: result: /usr/bin/mkdir -p
configure:4074: checking for gawk
configure:4101: result: gawk
configure:4112: checking whether make sets $(MAKE)
configure:4134: result: yes
configure:4164: checking for style of include used by make
configure:4192: result: GNU
configure:4226: checking whether make supports nested variables
configure:4243: result: yes
configure:4328: checking dependency style of gcc
configure:4439: result: gcc3
configure:4508: checking whether make supports nested variables
configure:4525: result: yes
configure:4538: checking whether make sets $(MAKE)
configure:4560: result: yes
configure:4577: checking for x86_64-pc-linux-gnu-gcc
configure:4604: result: gcc
configure:4873: checking for C compiler version
configure:4882: gcc --version >&5
gcc (Ubuntu 13.3.0-6ubuntu2~24.04) 13.3.0
Copyright (C) 2023 Free Software Foundation, Inc.
This is free software; see the source for copying conditions.  There is NO
warranty; not even for MERCHANTABILITY or FITNESS FOR A PARTICULAR PURPOSE.

configure:4893: $? = 0
configure:4882: gcc -v >&5
Using built-in specs.
COLLECT_GCC=gcc
COLLECT_LTO_WRAPPER=/usr/libexec/gcc/x86_64-linux-gnu/13/lto-wrapper
OFFLOAD_TARGET_NAMES=nvptx-none:amdgcn-amdhsa
OFFLOAD_TARGET_DEFAULT=1
Target: x86_64-linux-gnu
Configured with: ../src/configure -v --with-pkgversion='Ubuntu 13.3.0-6ubuntu2~24.04' --with-bugurl=file:///usr/share/doc/gcc-13/README.Bugs --enable-languages=c,ada,c++,go,d,fortran,objc,obj-c++,m2 --prefix=/usr --with-gcc-major-version-only --program-suffix=-13 --program-prefix=x86_64-linux-gnu- --enable-shared --enable-linker-build-id --libexecdir=/usr/libexec --without-included-gettext --enable-threads=posix --libdir=/usr/lib --enable-nls --enable-bootstrap --enable-clocale=gnu --enable-libstdcxx-debug --enable-libstdcxx-time=yes --with-default-libstdcxx-abi=new --enable-libstdcxx-backtrace --enable-gnu-unique-object --disable-vtable-verify --enable-plugin --enable-default-pie --with-system-zlib --enable-libphobos-checking=release --with-target-system-zlib=auto --enable-objc-gc=auto --enable-multiarch --disable-werror --enable-cet --with-arch-32=i686 --with-abi=m64 --with-multilib-list=m32,m64,mx32 --enable-multilib --with-tune=generic --enable-offload-targets=nvptx-none=/build/gcc-13-fG75Ri/gcc-13-13.3.0/debian/tmp-nvptx/usr,amdgcn-amdhsa=/build/gcc-13-fG75Ri/gcc-13-13.3.0/debian/tmp-gcn/usr --enable-offload-defaulted --without-cuda-driver --enable-checking=release --build=x86_64-linux-gnu --host=x86_64-linux-gnu --target=x86_64-linux-gnu --with-build-config=bootstrap-lto-lean --enable-link-serialization=2
Thread model: posix
Supported LTO compression algorithms: zlib zstd
gcc version 13.3.0 (Ubuntu 13.3.0-6ubuntu2~24.04) 
... rest of stderr output deleted ...
configure:4893: $? = 0
configure:4882: gcc -V >&5
gcc: error: unrecognized command-line option '-V'
gcc: fatal error: no input files
compilation terminated.
configure:4893: $? = 1
configure:4882: gcc -qversion >&5
gcc: error: unrecognized command-line option '-qversion'; did you mean '--version'?
gcc: fatal error: no input files
compilation terminated.
configure:4893: $? = 1
configure:4897: checking whether we are using the GNU C compiler
configure:4925: result: yes
configure:4934: checking whether gcc accepts -g
configure:4995: result: yes
configure:5012: checking for gcc option to accept ISO C89
configure:5088: result: none needed
configure:5113: checking whether gcc understands -c and -o together
configure:5150: result: yes
configure:5170: checking for x86_64-pc-linux-gnu-ranlib
configure:5197: result: ranlib --plugin /usr/libexec/gcc/x86_64-linux-gnu/13/liblto_plugin.so
configure:5264: checking for x86_64-pc-linux-gnu-ar
configure:5291: result: ar --plugin /usr/libexec/gcc/x86_64-linux-gnu/13/liblto_plugin.so
configure:5361: checking the archiver (ar --plugin /usr/libexec/gcc/x86_64-linux-gnu/13/liblto_plugin.so) interface
configure:5377: gcc -c -g -O2      conftest.c >&5
configure:5377: $? = 0
configure:5379: ar --plugin /usr/libexec/gcc/x86_64-linux-gnu/13/liblto_plugin.so cru libconftest.a conftest.o >&5
ar: `u' modifier ignored since `D' is the default (see `U')
configure:5382: $? = 0
configure:5410: result: ar
configure:5509: checking how to print strings
configure:5536: result: printf
configure:5557: checking for a sed that does not truncate output
configure:5621: result: /usr/bin/sed
configure:5639: checking for fgrep
configure:5701: result: /usr/bin/grep -F
configure:5736: checking for ld used by gcc
configure:5803: result: ld
configure:5810: checking if the linker (ld) is GNU ld
configure:5825: result: yes
configure:5837: checking for BSD- or MS-compatible name lister (nm)
configure:5893: result: /usr/bin/nm -B
configure:6023: checking the name lister (/usr/bin/nm -B) interface
configure:6030: gcc -c -g -O2      conftest.c >&5
configure:6033: /usr/bin/nm -B "conftest.o"
configure:6036: output
0000000000000000 B some_variable
configure:6043: result: BSD nm
configure:6046: checking whether ln -s works
configure:6050: result: yes
configure:6058: checking the maximum length of command line arguments
configure:6183: result: 1572864
configure:6200: checking whether the shell understands some XSI constructs
configure:6210: result: yes
configure:6214: checking whether the shell understands "+="
configure:6220: result: yes
configure:6255: checking for ld option to reload object files
configure:6262: result: -r
configure:6291: checking for x86_64-pc-linux-gnu-objdump
configure:6318: result: objdump
configure:6390: checking how to recognize dependent libraries
configure:6596: result: pass_all
configure:6629: checking for x86_64-pc-linux-gnu-ar
configure:6656: result: ar --plugin /usr/libexec/gcc/x86_64-linux-gnu/13/liblto_plugin.so
configure:6747: checking for x86_64-pc-linux-gnu-strip
configure:6777: result: no
configure:6787: checking for strip
configure:6803: found /usr/bin/strip
configure:6814: result: strip
configure:6846: checking for x86_64-pc-linux-gnu-ranlib
configure:6873: result: ranlib --plugin /usr/libexec/gcc/x86_64-linux-gnu/13/liblto_plugin.so
configure:7020: checking command to parse /usr/bin/nm -B output from gcc object
configure:7138: gcc -c -g -O2      conftest.c >&5
configure:7141: $? = 0
configure:7145: /usr/bin/nm -B conftest.o \| sed -n -e 's/^.*[ ]\([ABCDGIRSTW][ABCDGIRSTW]*\)[ ][ ]*\([_A-Za-z][_A-Za-z0-9]*\)$/\1 \2 \2/p' \> conftest.nm
configure:7148: $? = 0
configure:7202: gcc -o conftest -g -O2        conftest.c conftstm.o >&5
configure:7205: $? = 0
configure:7243: result: ok
configure:7338: gcc -c -g -O2      conftest.c >&5
configure:7341: $? = 0
configure:8093: checking for dlfcn.h
configure:8093: gcc -c -g -O2      conftest.c >&5
configure:8093: $? = 0
configure:8093: result: yes
configure:8250: checking for objdir
configure:8265: result: .libs
configure:8536: checking if gcc supports -fno-rtti -fno-exceptions
configure:8554: gcc -c -g -O2      -fno-rtti -fno-exceptions conftest.c >&5
cc1: warning: command-line option '-fno-rtti' is valid for C++/D/ObjC++ but not for C
configure:8558: $? = 0
configure:8571: result: no
configure:8591: checking for gcc option to produce PIC
configure:8877: result: -fPIC -DPIC
configure:8889: checking if gcc PIC flag -fPIC -DPIC works
configure:8907: gcc -c -g -O2      -fPIC -DPIC -DPIC conftest.c >&5
configure:8911: $? = 0
configure:8924: result: yes
configure:8948: checking if gcc static flag -static works
configure:8976: result: yes
configure:8991: checking if gcc supports -c -o file.o
configure:9012: gcc -c -g -O2      -o out/conftest2.o conftest.c >&5
configure:9016: $? = 0
configure:9038: result: yes
configure:9046: checking if gcc supports -c -o file.o
configure:9093: result: yes
configure:9126: checking whether the gcc linker (ld -m elf_x86_64) supports shared libraries
configure:10197: result: yes
configure:10442: checking dynamic linker characteristics
configure:10888: gcc -o conftest -g -O2        -Wl,-rpath -Wl,/foo conftest.c  >&5
configure:10888: $? = 0
configure:11129: result: GNU/Linux ld.so
configure:11236: checking how to hardcode library paths into programs
configure:11261: result: immediate
configure:11801: checking whether stripping libraries is possible
configure:11806: result: yes
configure:11841: checking if libtool supports shared libraries
configure:11843: result: yes
configure:11846: checking whether to build shared libraries
configure:11867: result: no
configure:11870: checking whether to build static libraries
configure:11874: result: yes
configure:11916: checking for special C compiler options needed for large files
configure:11961: result: no
configure:11967: checking for _FILE_OFFSET_BITS value needed for large files
configure:11992: gcc -c -g -O2      conftest.c >&5
configure:11992: $? = 0
configure:12024: result: no
configure:12115: checking for aclocal
configure:12142: result: ${SHELL} /home/rcarnation/projects/linux-kernel-32bit-x86/cross-compiler/src/binutils-2.44/missing aclocal-1.15
configure:12158: checking for autoconf
configure:12185: result: ${SHELL} /home/rcarnation/projects/linux-kernel-32bit-x86/cross-compiler/src/binutils-2.44/missing autoconf
configure:12201: checking for autoheader
configure:12228: result: ${SHELL} /home/rcarnation/projects/linux-kernel-32bit-x86/cross-compiler/src/binutils-2.44/missing autoheader
configure:12261: checking whether gcc supports -Wall
configure:12278: gcc -c -Wall  conftest.c >&5
configure:12278: $? = 0
configure:12287: result: yes
configure:12261: checking whether gcc supports -Wextra
configure:12278: gcc -c -Wextra  conftest.c >&5
configure:12278: $? = 0
configure:12287: result: yes
configure:12261: checking whether gcc supports -Wwrite-strings
configure:12278: gcc -c -Wwrite-strings  conftest.c >&5
configure:12278: $? = 0
configure:12287: result: yes
configure:12261: checking whether gcc supports -Wmissing-format-attribute
configure:12278: gcc -c -Wmissing-format-attribute  conftest.c >&5
configure:12278: $? = 0
configure:12287: result: yes
configure:12261: checking whether gcc supports -Wstrict-prototypes
configure:12278: gcc -c -Wstrict-prototypes  conftest.c >&5
conftest.c:30:1: warning: function declaration isn't a prototype [-Wstrict-prototypes]
   30 | main ()
      | ^~~~
configure:12278: $? = 0
configure:12287: result: yes
configure:12261: checking whether gcc supports -Wmissing-prototypes
configure:12278: gcc -c -Wmissing-prototypes  conftest.c >&5
configure:12278: $? = 0
configure:12287: result: yes
configure:12304: checking for incompatibility between DejaGnu and GCC
configure:12306: result: 
configure:12321: gcc -o conftest -g -O2        conftest.c  >&5
conftest.c:28:10: fatal error: dejagnu.h: No such file or directory
   28 | #include <dejagnu.h>
      |          ^~~~~~~~~~~
compilation terminated.
configure:12321: $? = 1
configure: failed program was:
| /* confdefs.h */
| #define PACKAGE_NAME "libsframe"
| #define PACKAGE_TARNAME "libsframe"
| #define PACKAGE_VERSION "BFD_VERSION"
| #define PACKAGE_STRING "libsframe BFD_VERSION"
| #define PACKAGE_BUGREPORT ""
| #define PACKAGE_URL ""
| #define STDC_HEADERS 1
| #define HAVE_SYS_TYPES_H 1
| #define HAVE_SYS_STAT_H 1
| #define HAVE_STDLIB_H 1
| #define HAVE_STRING_H 1
| #define HAVE_MEMORY_H 1
| #define HAVE_STRINGS_H 1
| #define HAVE_INTTYPES_H 1
| #define HAVE_STDINT_H 1
| #define HAVE_UNISTD_H 1
| #define __EXTENSIONS__ 1
| #define _ALL_SOURCE 1
| #define _GNU_SOURCE 1
| #define _POSIX_PTHREAD_SEMANTICS 1
| #define _TANDEM_SOURCE 1
| #define PACKAGE "libsframe"
| #define VERSION "BFD_VERSION"
| #define HAVE_DLFCN_H 1
| #define LT_OBJDIR ".libs/"
| /* end confdefs.h.  */
| #include <dejagnu.h>
| int
| main ()
| {
| pass ("test foo");
| 	       return 0;
|   ;
|   return 0;
| }
configure:12328: result: no
configure:12353: checking for makeinfo
configure:12380: result: makeinfo --split-size=5000000
configure:12419: checking if using Solaris linker
configure:12428: result: no
configure:12448: result: yes
configure:12467: checking whether to enable maintainer-specific portions of Makefiles
configure:12476: result: no
configure:12504: checking whether to install libbfd
configure:12517: result: no
configure:12552: checking for stdlib.h
configure:12552: result: yes
configure:12552: checking for unistd.h
configure:12552: result: yes
configure:12552: checking for sys/param.h
configure:12552: gcc -c -g -O2      conftest.c >&5
configure:12552: $? = 0
configure:12552: result: yes
configure:12575: checking for getpagesize
configure:12575: gcc -o conftest -g -O2        conftest.c  >&5
configure:12575: $? = 0
configure:12575: result: yes
configure:12584: checking for working mmap
configure:12731: gcc -o conftest -g -O2        conftest.c  >&5
configure:12731: $? = 0
configure:12731: ./conftest
configure:12731: $? = 0
configure:12741: result: yes
configure:12755: checking byteswap.h usability
configure:12755: gcc -c -g -O2      conftest.c >&5
configure:12755: $? = 0
configure:12755: result: yes
configure:12755: checking byteswap.h presence
configure:12755: gcc -E  conftest.c
configure:12755: $? = 0
configure:12755: result: yes
configure:12755: checking for byteswap.h
configure:12755: result: yes
configure:12755: checking endian.h usability
configure:12755: gcc -c -g -O2      conftest.c >&5
configure:12755: $? = 0
configure:12755: result: yes
configure:12755: checking endian.h presence
configure:12755: gcc -E  conftest.c
configure:12755: $? = 0
configure:12755: result: yes
configure:12755: checking for endian.h
configure:12755: result: yes
configure:12766: checking whether bswap_16 is declared
configure:12766: gcc -c -g -O2      conftest.c >&5
configure:12766: $? = 0
configure:12766: result: yes
configure:12777: checking whether bswap_32 is declared
configure:12777: gcc -c -g -O2      conftest.c >&5
configure:12777: $? = 0
configure:12777: result: yes
configure:12788: checking whether bswap_64 is declared
configure:12788: gcc -c -g -O2      conftest.c >&5
configure:12788: $? = 0
configure:12788: result: yes
configure:12862: updating cache ./config.cache
configure:12906: checking that generated files are newer than configure
configure:12912: result: done
configure:12959: creating ./config.status

## ---------------------- ##
## Running config.status. ##
## ---------------------- ##

This file was extended by libsframe config.status BFD_VERSION, which was
generated by GNU Autoconf 2.69.  Invocation command line was

  CONFIG_FILES    = 
  CONFIG_HEADERS  = 
  CONFIG_LINKS    = 
  CONFIG_COMMANDS = 
  $ ./config.status 

on DESKTOP-T5N9BCO

config.status:1106: creating Makefile
config.status:1106: creating config.h
config.status:1320: executing depfiles commands
config.status:1320: executing libtool commands

## ---------------- ##
## Cache variables. ##
## ---------------- ##

ac_cv_build=x86_64-pc-linux-gnu
ac_cv_c_compiler_gnu=yes
ac_cv_dejagnu_compat=no
ac_cv_env_CC_set=set
ac_cv_env_CC_value=gcc
ac_cv_env_CFLAGS_set=set
ac_cv_env_CFLAGS_value='-g -O2    '
ac_cv_env_CPPFLAGS_set=
ac_cv_env_CPPFLAGS_value=
ac_cv_env_CPP_set=
ac_cv_env_CPP_value=
ac_cv_env_LDFLAGS_set=set
ac_cv_env_LDFLAGS_value=' '
ac_cv_env_LIBS_set=
ac_cv_env_LIBS_value=
ac_cv_env_build_alias_set=set
ac_cv_env_build_alias_value=x86_64-pc-linux-gnu
ac_cv_env_host_alias_set=set
ac_cv_env_host_alias_value=x86_64-pc-linux-gnu
ac_cv_env_target_alias_set=set
ac_cv_env_target_alias_value=i686-elf
ac_cv_func_getpagesize=yes
ac_cv_func_mmap_fixed_mapped=yes
ac_cv_have_decl_bswap_16=yes
ac_cv_have_decl_bswap_32=yes
ac_cv_have_decl_bswap_64=yes
ac_cv_header_byteswap_h=yes
ac_cv_header_dlfcn_h=yes
ac_cv_header_endian_h=yes
ac_cv_header_inttypes_h=yes
ac_cv_header_memory_h=yes
ac_cv_header_minix_config_h=no
ac_cv_header_stdc=yes
ac_cv_header_stdint_h=yes
ac_cv_header_stdlib_h=yes
ac_cv_header_string_h=yes
ac_cv_header_strings_h=yes
ac_cv_header_sys_param_h=yes
ac_cv_header_sys_stat_h=yes
ac_cv_header_sys_types_h=yes
ac_cv_header_unistd_h=yes
ac_cv_host=x86_64-pc-linux-gnu
ac_cv_objext=o
ac_cv_path_EGREP='/usr/bin/grep -E'
ac_cv_path_FGREP='/usr/bin/grep -F'
ac_cv_path_GREP=/usr/bin/grep
ac_cv_path_SED=/usr/bin/sed
ac_cv_path_mkdir=/usr/bin/mkdir
ac_cv_prog_ACLOCAL='${SHELL} /home/rcarnation/projects/linux-kernel-32bit-x86/cross-compiler/src/binutils-2.44/missing aclocal-1.15'
ac_cv_prog_AR='ar --plugin /usr/libexec/gcc/x86_64-linux-gnu/13/liblto_plugin.so'
ac_cv_prog_AUTOCONF='${SHELL} /home/rcarnation/projects/linux-kernel-32bit-x86/cross-compiler/src/binutils-2.44/missing autoconf'
ac_cv_prog_AUTOHEADER='${SHELL} /home/rcarnation/projects/linux-kernel-32bit-x86/cross-compiler/src/binutils-2.44/missing autoheader'
ac_cv_prog_AWK=gawk
ac_cv_prog_CC=gcc
ac_cv_prog_CPP='gcc -E'
ac_cv_prog_MAKEINFO='makeinfo --split-size=5000000'
ac_cv_prog_OBJDUMP=objdump
ac_cv_prog_RANLIB='ranlib --plugin /usr/libexec/gcc/x86_64-linux-gnu/13/liblto_plugin.so'
ac_cv_prog_ac_ct_STRIP=strip
ac_cv_prog_cc_c89=
ac_cv_prog_cc_g=yes
ac_cv_prog_make_make_set=yes
ac_cv_safe_to_define___extensions__=yes
ac_cv_sys_file_offset_bits=no
ac_cv_sys_largefile_CC=no
ac_cv_target=i686-pc-elf
acx_cv_prog_cc_warning__Wall=yes
acx_cv_prog_cc_warning__Wextra=yes
acx_cv_prog_cc_warning__Wmissing_format_attribute=yes
acx_cv_prog_cc_warning__Wmissing_prototypes=yes
acx_cv_prog_cc_warning__Wstrict_prototypes=yes
acx_cv_prog_cc_warning__Wwrite_strings=yes
am_cv_CC_dependencies_compiler_type=gcc3
am_cv_ar_interface=ar
am_cv_make_support_nested_variables=yes
am_cv_prog_cc_c_o=yes
lt_cv_deplibs_check_method=pass_all
lt_cv_file_magic_cmd='$MAGIC_CMD'
lt_cv_file_magic_test_file=
lt_cv_ld_reload_flag=-r
lt_cv_nm_interface='BSD nm'
lt_cv_objdir=.libs
lt_cv_path_LD=ld
lt_cv_path_NM='/usr/bin/nm -B'
lt_cv_prog_compiler_c_o=yes
lt_cv_prog_compiler_pic_works=yes
lt_cv_prog_compiler_rtti_exceptions=no
lt_cv_prog_compiler_static_works=yes
lt_cv_prog_gnu_ld=yes
lt_cv_shlibpath_overrides_runpath=yes
lt_cv_sys_global_symbol_pipe='sed -n -e '\''s/^.*[	 ]\([ABCDGIRSTW][ABCDGIRSTW]*\)[	 ][	 ]*\([_A-Za-z][_A-Za-z0-9]*\)$/\1 \2 \2/p'\'''
lt_cv_sys_global_symbol_to_c_name_address='sed -n -e '\''s/^: \([^ ]*\) $/  {\"\1\", (void *) 0},/p'\'' -e '\''s/^[ABCDGIRSTW]* \([^ ]*\) \([^ ]*\)$/  {"\2", (void *) \&\2},/p'\'''
lt_cv_sys_global_symbol_to_c_name_address_lib_prefix='sed -n -e '\''s/^: \([^ ]*\) $/  {\"\1\", (void *) 0},/p'\'' -e '\''s/^[ABCDGIRSTW]* \([^ ]*\) \(lib[^ ]*\)$/  {"\2", (void *) \&\2},/p'\'' -e '\''s/^[ABCDGIRSTW]* \([^ ]*\) \([^ ]*\)$/  {"lib\2", (void *) \&\2},/p'\'''
lt_cv_sys_global_symbol_to_cdecl='sed -n -e '\''s/^T .* \(.*\)$/extern int \1();/p'\'' -e '\''s/^[ABCDGIRSTW]* .* \(.*\)$/extern char \1;/p'\'''
lt_cv_sys_max_cmd_len=1572864

## ----------------- ##
## Output variables. ##
## ----------------- ##

ACLOCAL='${SHELL} /home/rcarnation/projects/linux-kernel-32bit-x86/cross-compiler/src/binutils-2.44/missing aclocal-1.15'
AMDEPBACKSLASH='\'
AMDEP_FALSE='#'
AMDEP_TRUE=''
AMTAR='$${TAR-tar}'
AM_BACKSLASH='\'
AM_DEFAULT_V='$(AM_DEFAULT_VERBOSITY)'
AM_DEFAULT_VERBOSITY='0'
AM_V='$(V)'
AR='ar --plugin /usr/libexec/gcc/x86_64-linux-gnu/13/liblto_plugin.so --plugin /usr/libexec/gcc/x86_64-linux-gnu/13/liblto_plugin.so'
AUTOCONF='${SHELL} /home/rcarnation/projects/linux-kernel-32bit-x86/cross-compiler/src/binutils-2.44/missing autoconf'
AUTOHEADER='${SHELL} /home/rcarnation/projects/linux-kernel-32bit-x86/cross-compiler/src/binutils-2.44/missing autoheader'
AUTOMAKE='${SHELL} /home/rcarnation/projects/linux-kernel-32bit-x86/cross-compiler/src/binutils-2.44/missing automake-1.15'
AWK='gawk'
BUILD_INFO_FALSE='#'
BUILD_INFO_TRUE=''
CC='gcc'
CCDEPMODE='depmode=gcc3'
CFLAGS='-g -O2    '
COMPAT_DEJAGNU='no'
CPP='gcc -E'
CPPFLAGS=''
CYGPATH_W='echo'
DEFS='-DHAVE_CONFIG_H'
DEPDIR='.deps'
DSYMUTIL='dsymutil'
DUMPBIN=''
ECHO_C=''
ECHO_N='-n'
ECHO_T=''
EGREP='/usr/bin/grep -E'
EXEEXT=''
FGREP='/usr/bin/grep -F'
GREP='/usr/bin/grep'
HAVE_COMPAT_DEJAGNU_FALSE=''
HAVE_COMPAT_DEJAGNU_TRUE='#'
HAVE_LD_VERSION_SCRIPT_FALSE='#'
HAVE_LD_VERSION_SCRIPT_TRUE=''
HAVE_SOLARIS_LD_FALSE=''
HAVE_SOLARIS_LD_TRUE='#'
INSTALL_DATA='/usr/bin/install -c -m 644'
INSTALL_LIBBFD_FALSE=''
INSTALL_LIBBFD_TRUE='#'
INSTALL_PROGRAM='/usr/bin/install -c'
INSTALL_SCRIPT='/usr/bin/install -c'
INSTALL_STRIP_PROGRAM='$(install_sh) -c -s'
LD='ld -m elf_x86_64'
LDFLAGS=' '
LIBOBJS=''
LIBS=''
LIBTOOL='$(SHELL) $(top_builddir)/libtool'
LIPO=''
LN_S='ln -s'
LTLIBOBJS=''
MAINT='#'
MAINTAINER_MODE_FALSE=''
MAINTAINER_MODE_TRUE='#'
MAKEINFO='makeinfo --split-size=5000000'
MKDIR_P='/usr/bin/mkdir -p'
NM='/usr/bin/nm -B'
NMEDIT=''
OBJDUMP='objdump'
OBJEXT='o'
OTOOL64=''
OTOOL='otool'
PACKAGE='libsframe'
PACKAGE_BUGREPORT=''
PACKAGE_NAME='libsframe'
PACKAGE_STRING='libsframe BFD_VERSION'
PACKAGE_TARNAME='libsframe'
PACKAGE_URL=''
PACKAGE_VERSION='BFD_VERSION'
PATH_SEPARATOR=':'
RANLIB='ranlib --plugin /usr/libexec/gcc/x86_64-linux-gnu/13/liblto_plugin.so --plugin /usr/libexec/gcc/x86_64-linux-gnu/13/liblto_plugin.so'
SED='/usr/bin/sed'
SET_MAKE=''
SHELL='/bin/bash'
STRIP='strip'
VERSION='BFD_VERSION'
ac_ct_AR=''
ac_ct_CC=''
ac_ct_DUMPBIN=''
ac_libsframe_warn_cflags='-Wall -Wextra -Wwrite-strings -Wmissing-format-attribute -Wstrict-prototypes -Wmissing-prototypes'
am__EXEEXT_FALSE=''
am__EXEEXT_TRUE='#'
am__fastdepCC_FALSE='#'
am__fastdepCC_TRUE=''
am__include='include'
am__isrc=' -I$(srcdir)'
am__leading_dot='.'
am__nodep='_no'
am__quote=''
am__tar='$${TAR-tar} chof - "$$tardir"'
am__untar='$${TAR-tar} xf -'
bfdincludedir='$(exec_prefix)/$(host_noncanonical)/$(target_noncanonical)/include'
bfdlibdir='$(exec_prefix)/$(host_noncanonical)/$(target_noncanonical)/lib'
bindir='${exec_prefix}/bin'
build='x86_64-pc-linux-gnu'
build_alias='x86_64-pc-linux-gnu'
build_cpu='x86_64'
build_os='linux-gnu'
build_vendor='pc'
datadir='${datarootdir}'
datarootdir='${prefix}/share'
docdir='${datarootdir}/doc/${PACKAGE_TARNAME}'
dvidir='${docdir}'
exec_prefix='${prefix}'
host='x86_64-pc-linux-gnu'
host_alias='x86_64-pc-linux-gnu'
host_cpu='x86_64'
host_noncanonical='x86_64-pc-linux-gnu'
host_os='linux-gnu'
host_vendor='pc'
htmldir='${docdir}'
includedir='${prefix}/include'
infodir='${datarootdir}/info'
install_sh='${SHELL} /home/rcarnation/projects/linux-kernel-32bit-x86/cross-compiler/src/binutils-2.44/install-sh'
libdir='${exec_prefix}/lib'
libexecdir='${exec_prefix}/libexec'
localedir='${datarootdir}/locale'
localstatedir='${prefix}/var'
mandir='${datarootdir}/man'
mkdir_p='$(MKDIR_P)'
oldincludedir='/usr/include'
pdfdir='${docdir}'
prefix='/home/rcarnation/opt/cross'
program_transform_name='s&^&i686-elf-&'
psdir='${docdir}'
sbindir='${exec_prefix}/sbin'
sharedstatedir='${prefix}/com'
sysconfdir='${prefix}/etc'
target='i686-pc-elf'
target_alias='i686-elf'
target_cpu='i686'
target_noncanonical='i686-elf'
target_os='elf'
target_vendor='pc'

## ----------- ##
## confdefs.h. ##
## ----------- ##

/* confdefs.h */
#define PACKAGE_NAME "libsframe"
#define PACKAGE_TARNAME "libsframe"
#define PACKAGE_VERSION "BFD_VERSION"
#define PACKAGE_STRING "libsframe BFD_VERSION"
#define PACKAGE_BUGREPORT ""
#define PACKAGE_URL ""
#define STDC_HEADERS 1
#define HAVE_SYS_TYPES_H 1
#define HAVE_SYS_STAT_H 1
#define HAVE_STDLIB_H 1
#define HAVE_STRING_H 1
#define HAVE_MEMORY_H 1
#define HAVE_STRINGS_H 1
#define HAVE_INTTYPES_H 1
#define HAVE_STDINT_H 1
#define HAVE_UNISTD_H 1
#define __EXTENSIONS__ 1
#define _ALL_SOURCE 1
#define _GNU_SOURCE 1
#define _POSIX_PTHREAD_SEMANTICS 1
#define _TANDEM_SOURCE 1
#define PACKAGE "libsframe"
#define VERSION "BFD_VERSION"
#define HAVE_DLFCN_H 1
#define LT_OBJDIR ".libs/"
#define HAVE_STDLIB_H 1
#define HAVE_UNISTD_H 1
#define HAVE_SYS_PARAM_H 1
#define HAVE_GETPAGESIZE 1
#define HAVE_MMAP 1
#define HAVE_BYTESWAP_H 1
#define HAVE_ENDIAN_H 1
#define HAVE_DECL_BSWAP_16 1
#define HAVE_DECL_BSWAP_32 1
#define HAVE_DECL_BSWAP_64 1

configure: exit 0
