This file contains any messages produced by compilers while
running configure, to aid debugging if configure makes a mistake.

It was created by codylib configure 0.0, which was
generated by GNU Autoconf 2.69.  Invocation command line was

  $ /home/rcarnation/projects/linux-kernel-32bit-x86/cross-compiler/src/gcc-14.2.0/libcody/configure --srcdir=../../src/gcc-14.2.0/libcody --cache-file=./config.cache --prefix=/home/rcarnation/opt/cross --disable-nls --without-headers --disable-hosted-libstdcxx --enable-languages=c,c++,lto --program-transform-name=s&^&i686-elf-& --disable-option-checking --build=x86_64-pc-linux-gnu --host=x86_64-pc-linux-gnu --target=i686-elf

## --------- ##
## Platform. ##
## --------- ##

hostname = DESKTOP-T5N9BCO
uname -m = x86_64
uname -r = 5.15.167.4-microsoft-standard-WSL2
uname -s = Linux
uname -v = #1 SMP Tue Nov 5 00:21:55 UTC 2024

/usr/bin/uname -p = x86_64
/bin/uname -X     = unknown

/bin/arch              = x86_64
/usr/bin/arch -k       = unknown
/usr/convex/getsysinfo = unknown
/usr/bin/hostinfo      = unknown
/bin/machine           = unknown
/usr/bin/oslevel       = unknown
/bin/universe          = unknown

PATH: /usr/local/sbin
PATH: /usr/local/bin
PATH: /usr/sbin
PATH: /usr/bin
PATH: /sbin
PATH: /bin
PATH: /usr/games
PATH: /usr/local/games
PATH: /usr/lib/wsl/lib
PATH: /mnt/c/Program Files/WindowsApps/MicrosoftCorporationII.WindowsSubsystemForLinux_2.4.11.0_x64__8wekyb3d8bbwe
PATH: /mnt/c/Program Files (x86)/Common Files/Intel/Shared Libraries/redist/intel64/compiler
PATH: /mnt/c/Program Files/Common Files/Oracle/Java/javapath
PATH: /mnt/c/Windows/system32
PATH: /mnt/c/Windows
PATH: /mnt/c/Windows/System32/Wbem
PATH: /mnt/c/Windows/System32/WindowsPowerShell/v1.0/
PATH: /mnt/c/Windows/System32/OpenSSH/
PATH: /mnt/c/Program Files/NVIDIA Corporation/NVIDIA NvDLISR
PATH: /mnt/c/Program Files/Java/pj2.jar
PATH: /mnt/c/Program Files/dotnet/
PATH: /mnt/c/Program Files/Microsoft SQL Server/120/Tools/Binn/
PATH: /mnt/c/Program Files/Java/jdk-17.0.2/bin/`
PATH: /mnt/c/Program Files (x86)/ZeroTier/One/
PATH: /mnt/c/Program Files (x86)/NVIDIA Corporation/PhysX/Common
PATH: /mnt/c/WINDOWS/system32
PATH: /mnt/c/WINDOWS
PATH: /mnt/c/WINDOWS/System32/Wbem
PATH: /mnt/c/WINDOWS/System32/WindowsPowerShell/v1.0/
PATH: /mnt/c/WINDOWS/System32/OpenSSH/
PATH: /mnt/c/xampp/php
PATH: /mnt/c/Users/carna/composer.phar
PATH: /mnt/c/xampp/php/php.exe
PATH: /mnt/c/Program Files/Git/cmd
PATH: /mnt/c/dev/flutter/bin
PATH: /mnt/c/Users/carna/AppData/Local/Programs/Python/Python39/Scripts/
PATH: /mnt/c/Users/carna/AppData/Local/Programs/Python/Python39/
PATH: /mnt/c/Users/carna/AppData/Local/Microsoft/WindowsApps
PATH: /mnt/c/Program Files/JetBrains/PyCharm Community Edition 2020.3.3/bin
PATH: /mnt/c/Program Files/JetBrains/IntelliJ IDEA Community Edition 2020.3.2/bin
PATH: /mnt/c/Users/carna/AppData/Local/Programs/MiKTeX/miktex/bin/x64/
PATH: /mnt/c/Program Files/Java/jdk-17.0.2/bin/server/
PATH: /mnt/c/Program Files/AntiMicroX/bin
PATH: /mnt/c/Users/carna/AppData/Local/Programs/Microsoft VS Code/bin
PATH: /mnt/c/dev/flutter/bin
PATH: /mnt/c/Users/carna/miniconda3/condabin
PATH: /mnt/c/Users/carna/.dotnet/tools
PATH: /snap/bin


## ----------- ##
## Core tests. ##
## ----------- ##

configure:1752: creating cache ./config.cache
configure:1880: checking build system type
configure:1894: result: x86_64-pc-linux-gnu
configure:1914: checking host system type
configure:1927: result: x86_64-pc-linux-gnu
configure:1963: checking maintainer-mode
configure:1965: result: 
configure:2103: checking for C++ compiler version
configure:2112: g++ --version >&5
g++ (Ubuntu 13.3.0-6ubuntu2~24.04) 13.3.0
Copyright (C) 2023 Free Software Foundation, Inc.
This is free software; see the source for copying conditions.  There is NO
warranty; not even for MERCHANTABILITY or FITNESS FOR A PARTICULAR PURPOSE.

configure:2123: $? = 0
configure:2112: g++ -v >&5
Using built-in specs.
COLLECT_GCC=g++
COLLECT_LTO_WRAPPER=/usr/libexec/gcc/x86_64-linux-gnu/13/lto-wrapper
OFFLOAD_TARGET_NAMES=nvptx-none:amdgcn-amdhsa
OFFLOAD_TARGET_DEFAULT=1
Target: x86_64-linux-gnu
Configured with: ../src/configure -v --with-pkgversion='Ubuntu 13.3.0-6ubuntu2~24.04' --with-bugurl=file:///usr/share/doc/gcc-13/README.Bugs --enable-languages=c,ada,c++,go,d,fortran,objc,obj-c++,m2 --prefix=/usr --with-gcc-major-version-only --program-suffix=-13 --program-prefix=x86_64-linux-gnu- --enable-shared --enable-linker-build-id --libexecdir=/usr/libexec --without-included-gettext --enable-threads=posix --libdir=/usr/lib --enable-nls --enable-bootstrap --enable-clocale=gnu --enable-libstdcxx-debug --enable-libstdcxx-time=yes --with-default-libstdcxx-abi=new --enable-libstdcxx-backtrace --enable-gnu-unique-object --disable-vtable-verify --enable-plugin --enable-default-pie --with-system-zlib --enable-libphobos-checking=release --with-target-system-zlib=auto --enable-objc-gc=auto --enable-multiarch --disable-werror --enable-cet --with-arch-32=i686 --with-abi=m64 --with-multilib-list=m32,m64,mx32 --enable-multilib --with-tune=generic --enable-offload-targets=nvptx-none=/build/gcc-13-fG75Ri/gcc-13-13.3.0/debian/tmp-nvptx/usr,amdgcn-amdhsa=/build/gcc-13-fG75Ri/gcc-13-13.3.0/debian/tmp-gcn/usr --enable-offload-defaulted --without-cuda-driver --enable-checking=release --build=x86_64-linux-gnu --host=x86_64-linux-gnu --target=x86_64-linux-gnu --with-build-config=bootstrap-lto-lean --enable-link-serialization=2
Thread model: posix
Supported LTO compression algorithms: zlib zstd
gcc version 13.3.0 (Ubuntu 13.3.0-6ubuntu2~24.04) 
... rest of stderr output deleted ...
configure:2123: $? = 0
configure:2112: g++ -V >&5
g++: error: unrecognized command-line option '-V'
g++: fatal error: no input files
compilation terminated.
configure:2123: $? = 1
configure:2112: g++ -qversion >&5
g++: error: unrecognized command-line option '-qversion'; did you mean '--version'?
g++: fatal error: no input files
compilation terminated.
configure:2123: $? = 1
configure:2143: checking whether the C++ compiler works
configure:2165: g++ -g -O2    -static-libstdc++ -static-libgcc  conftest.cpp  >&5
configure:2169: $? = 0
configure:2217: result: yes
configure:2220: checking for C++ compiler default output file name
configure:2222: result: a.out
configure:2228: checking for suffix of executables
configure:2235: g++ -o conftest -g -O2    -static-libstdc++ -static-libgcc  conftest.cpp  >&5
configure:2239: $? = 0
configure:2261: result: 
configure:2283: checking whether we are cross compiling
configure:2291: g++ -o conftest -g -O2    -static-libstdc++ -static-libgcc  conftest.cpp  >&5
configure:2295: $? = 0
configure:2302: ./conftest
configure:2306: $? = 0
configure:2321: result: no
configure:2326: checking for suffix of object files
configure:2348: g++ -c -g -O2    conftest.cpp >&5
configure:2352: $? = 0
configure:2373: result: o
configure:2377: checking whether we are using the GNU C++ compiler
configure:2396: g++ -c -g -O2    conftest.cpp >&5
configure:2396: $? = 0
configure:2405: result: yes
configure:2414: checking whether g++ accepts -g
configure:2434: g++ -c -g  conftest.cpp >&5
configure:2434: $? = 0
configure:2475: result: yes
configure:2499: checking whether g++ is for C++11
configure:2516: g++ -c -g -O2    conftest.cpp >&5
conftest.cpp:11:2: error: #error "C++11 is required"
   11 | #error "C++11 is required"
      |  ^~~~~
configure:2516: $? = 1
configure: failed program was:
| /* confdefs.h */
| #define PACKAGE_NAME "codylib"
| #define PACKAGE_TARNAME "codylib"
| #define PACKAGE_VERSION "0.0"
| #define PACKAGE_STRING "codylib 0.0"
| #define PACKAGE_BUGREPORT "github.com/urnathan/libcody"
| #define PACKAGE_URL ""
| /* end confdefs.h.  */
| 
| #if __cplusplus != 201103
| #error "C++11 is required"
| #endif
| 
| int
| main ()
| {
| 
|   ;
|   return 0;
| }
configure:2537: g++ -std=c++11 -c -g -O2    conftest.cpp >&5
configure:2537: $? = 0
configure:2538: result: adding -std=c++11
configure:2571: checking adding -Wl,--no-undefined to linker
configure:2586: g++ -std=c++11 -o conftest -g -O2    -static-libstdc++ -static-libgcc  -Wl,--no-undefined conftest.cpp  >&5
configure:2586: $? = 0
configure:2587: result: ok
configure:2688: checking exceptions
configure:2690: result: no
configure:2700: checking for x86_64-pc-linux-gnu-ranlib
configure:2727: result: ranlib --plugin /usr/libexec/gcc/x86_64-linux-gnu/13/liblto_plugin.so
configure:2792: checking for x86_64-pc-linux-gnu-ar
configure:2819: result: ar --plugin /usr/libexec/gcc/x86_64-linux-gnu/13/liblto_plugin.so
configure:2948: updating cache ./config.cache
configure:2997: creating ./config.status

## ---------------------- ##
## Running config.status. ##
## ---------------------- ##

This file was extended by codylib config.status 0.0, which was
generated by GNU Autoconf 2.69.  Invocation command line was

  CONFIG_FILES    = 
  CONFIG_HEADERS  = 
  CONFIG_LINKS    = 
  CONFIG_COMMANDS = 
  $ ./config.status 

on DESKTOP-T5N9BCO

config.status:805: creating Makefile
config.status:805: creating config.h

## ---------------- ##
## Cache variables. ##
## ---------------- ##

ac_cv_build=x86_64-pc-linux-gnu
ac_cv_cxx_compiler_gnu=yes
ac_cv_env_CCC_set=
ac_cv_env_CCC_value=
ac_cv_env_CPPFLAGS_set=
ac_cv_env_CPPFLAGS_value=
ac_cv_env_CXXFLAGS_set=set
ac_cv_env_CXXFLAGS_value='-g -O2  '
ac_cv_env_CXX_set=set
ac_cv_env_CXX_value=g++
ac_cv_env_LDFLAGS_set=set
ac_cv_env_LDFLAGS_value='-static-libstdc++ -static-libgcc '
ac_cv_env_LIBS_set=
ac_cv_env_LIBS_value=
ac_cv_env_build_alias_set=set
ac_cv_env_build_alias_value=x86_64-pc-linux-gnu
ac_cv_env_host_alias_set=set
ac_cv_env_host_alias_value=x86_64-pc-linux-gnu
ac_cv_env_target_alias_set=set
ac_cv_env_target_alias_value=i686-elf
ac_cv_host=x86_64-pc-linux-gnu
ac_cv_objext=o
ac_cv_prog_AR='ar --plugin /usr/libexec/gcc/x86_64-linux-gnu/13/liblto_plugin.so'
ac_cv_prog_RANLIB='ranlib --plugin /usr/libexec/gcc/x86_64-linux-gnu/13/liblto_plugin.so'
ac_cv_prog_cxx_g=yes

## ----------------- ##
## Output variables. ##
## ----------------- ##

AR='ar --plugin /usr/libexec/gcc/x86_64-linux-gnu/13/liblto_plugin.so'
CPPFLAGS=''
CXX='g++ -std=c++11'
CXXFLAGS='-g -O2  '
DEFS='-DHAVE_CONFIG_H'
ECHO_C=''
ECHO_N='-n'
ECHO_T=''
EXCEPTIONS=''
EXEEXT=''
LDFLAGS='-static-libstdc++ -static-libgcc  -Wl,--no-undefined'
LD_PICFLAG=''
LIBOBJS=''
LIBS=''
LTLIBOBJS=''
MAINTAINER=''
OBJEXT='o'
PACKAGE_BUGREPORT='github.com/urnathan/libcody'
PACKAGE_NAME='codylib'
PACKAGE_STRING='codylib 0.0'
PACKAGE_TARNAME='codylib'
PACKAGE_URL=''
PACKAGE_VERSION='0.0'
PATH_SEPARATOR=':'
PICFLAG=''
RANLIB='ranlib --plugin /usr/libexec/gcc/x86_64-linux-gnu/13/liblto_plugin.so'
SHELL='/bin/bash'
ac_ct_CXX=''
bindir='${exec_prefix}/bin'
build='x86_64-pc-linux-gnu'
build_alias='x86_64-pc-linux-gnu'
build_cpu='x86_64'
build_os='linux-gnu'
build_vendor='pc'
configure_args=' '\''--srcdir=../../src/gcc-14.2.0/libcody'\'' '\''--cache-file=./config.cache'\'' '\''--prefix=/home/rcarnation/opt/cross'\'' '\''--disable-nls'\'' '\''--without-headers'\'' '\''--disable-hosted-libstdcxx'\'' '\''--enable-languages=c,c++,lto'\'' '\''--program-transform-name=s&^&i686-elf-&'\'' '\''--disable-option-checking'\'' '\''--build=x86_64-pc-linux-gnu'\'' '\''--host=x86_64-pc-linux-gnu'\'' '\''--target=i686-elf'\'' '\''build_alias=x86_64-pc-linux-gnu'\'' '\''host_alias=x86_64-pc-linux-gnu'\'' '\''target_alias=i686-elf'\'' '\''CXX=g++'\'' '\''CXXFLAGS=-g -O2  '\'' '\''LDFLAGS=-static-libstdc++ -static-libgcc '\'''
datadir='${datarootdir}'
datarootdir='${prefix}/share'
docdir='${datarootdir}/doc/${PACKAGE_TARNAME}'
dvidir='${docdir}'
enable_host_pie=''
enable_host_shared=''
exec_prefix='${prefix}'
host='x86_64-pc-linux-gnu'
host_alias='x86_64-pc-linux-gnu'
host_cpu='x86_64'
host_os='linux-gnu'
host_vendor='pc'
htmldir='${docdir}'
includedir='${prefix}/include'
infodir='${datarootdir}/info'
libdir='${exec_prefix}/lib'
libexecdir='${exec_prefix}/libexec'
localedir='${datarootdir}/locale'
localstatedir='${prefix}/var'
mandir='${datarootdir}/man'
oldincludedir='/usr/include'
pdfdir='${docdir}'
prefix='/home/rcarnation/opt/cross'
program_transform_name='s&^&i686-elf-&'
psdir='${docdir}'
sbindir='${exec_prefix}/sbin'
sharedstatedir='${prefix}/com'
sysconfdir='${prefix}/etc'
target_alias='i686-elf'

## ----------- ##
## confdefs.h. ##
## ----------- ##

/* confdefs.h */
#define PACKAGE_NAME "codylib"
#define PACKAGE_TARNAME "codylib"
#define PACKAGE_VERSION "0.0"
#define PACKAGE_STRING "codylib 0.0"
#define PACKAGE_BUGREPORT "github.com/urnathan/libcody"
#define PACKAGE_URL ""
#define NMS_CHECKING 0

configure: exit 0
